01:18:13.048 [main] INFO  com.company.step_definitions.Hook - Launching browser chrome-headless
01:18:18.267 [main] INFO  com.company.step_definitions.Hook - browser closed
01:19:16.560 [pool-1-thread-12] INFO  com.company.step_definitions.Hook - Launching browser chrome-headless
01:19:16.560 [pool-1-thread-18] INFO  com.company.step_definitions.Hook - Launching browser chrome-headless
01:19:16.560 [pool-1-thread-23] INFO  com.company.step_definitions.Hook - Launching browser chrome-headless
01:19:16.560 [pool-1-thread-5] INFO  com.company.step_definitions.Hook - Launching browser chrome-headless
01:19:17.055 [pool-1-thread-10] INFO  com.company.step_definitions.Hook - Launching browser chrome-headless
01:19:17.099 [pool-1-thread-21] INFO  com.company.step_definitions.Hook - Launching browser chrome-headless
01:19:17.100 [pool-1-thread-1] INFO  com.company.step_definitions.Hook - Launching browser chrome-headless
01:19:17.125 [pool-1-thread-3] INFO  com.company.step_definitions.Hook - Launching browser chrome-headless
01:19:17.134 [pool-1-thread-20] INFO  com.company.step_definitions.Hook - Launching browser chrome-headless
01:19:17.172 [pool-1-thread-19] INFO  com.company.step_definitions.Hook - Launching browser chrome-headless
01:19:17.974 [pool-1-thread-4] INFO  com.company.step_definitions.Hook - Launching browser chrome-headless
01:19:18.108 [pool-1-thread-6] INFO  com.company.step_definitions.Hook - Launching browser chrome-headless
01:19:18.117 [pool-1-thread-2] INFO  com.company.step_definitions.Hook - Launching browser chrome-headless
01:19:18.359 [pool-1-thread-17] INFO  com.company.step_definitions.Hook - Launching browser chrome-headless
01:19:18.906 [pool-1-thread-15] INFO  com.company.step_definitions.Hook - Launching browser chrome-headless
01:19:19.399 [pool-1-thread-13] INFO  com.company.step_definitions.Hook - Launching browser chrome-headless
01:19:19.484 [pool-1-thread-14] INFO  com.company.step_definitions.Hook - Launching browser chrome-headless
01:19:19.488 [pool-1-thread-9] INFO  com.company.step_definitions.Hook - Launching browser chrome-headless
01:19:19.703 [pool-1-thread-11] INFO  com.company.step_definitions.Hook - Launching browser chrome-headless
01:19:19.759 [pool-1-thread-8] INFO  com.company.step_definitions.Hook - Launching browser chrome-headless
01:19:19.759 [pool-1-thread-16] INFO  com.company.step_definitions.Hook - Launching browser chrome-headless
01:19:19.805 [pool-1-thread-7] INFO  com.company.step_definitions.Hook - Launching browser chrome-headless
01:19:19.948 [pool-1-thread-22] INFO  com.company.step_definitions.Hook - Launching browser chrome-headless
01:19:21.331 [pool-1-thread-3] INFO  com.company.step_definitions.WindowsAuthentication - navigated the website
01:19:22.895 [pool-1-thread-2] INFO  com.company.step_definitions.WindowsAuthentication - navigated the website
01:19:24.510 [pool-1-thread-2] INFO  com.company.step_definitions.WindowsAuthentication - Basic auth element is displayed
01:19:31.602 [pool-1-thread-5] INFO  com.company.step_definitions.Hook - browser closed
01:19:36.837 [pool-1-thread-23] INFO  com.company.step_definitions.Hook - browser closed
01:19:36.949 [pool-1-thread-6] INFO  com.company.step_definitions.Hook - browser closed
01:19:37.075 [pool-1-thread-7] INFO  com.company.step_definitions.Hook - browser closed
01:19:37.186 [pool-1-thread-14] INFO  com.company.step_definitions.Hook - browser closed
01:19:38.106 [pool-1-thread-3] INFO  com.company.step_definitions.Hook - browser closed
01:19:38.249 [pool-1-thread-2] INFO  com.company.step_definitions.Hook - browser closed
01:19:38.279 [pool-1-thread-4] INFO  com.company.step_definitions.Hook - browser closed
01:19:38.296 [pool-1-thread-16] INFO  com.company.step_definitions.Hook - browser closed
01:19:38.297 [pool-1-thread-1] INFO  com.company.step_definitions.Hook - browser closed
01:19:38.312 [pool-1-thread-11] INFO  com.company.step_definitions.Hook - browser closed
01:19:38.380 [pool-1-thread-10] INFO  com.company.step_definitions.Hook - browser closed
01:19:38.437 [pool-1-thread-17] INFO  com.company.step_definitions.Hook - browser closed
01:19:39.735 [pool-1-thread-18] INFO  com.company.step_definitions.Hook - browser closed
01:19:39.810 [pool-1-thread-13] INFO  com.company.step_definitions.Hook - browser closed
01:19:39.850 [pool-1-thread-8] INFO  com.company.step_definitions.Hook - browser closed
01:19:40.776 [pool-1-thread-9] INFO  com.company.step_definitions.Hook - browser closed
01:19:41.746 [pool-1-thread-12] INFO  com.company.step_definitions.Hook - browser closed
01:19:42.286 [pool-1-thread-22] INFO  com.company.step_definitions.Hook - browser closed
01:19:42.758 [pool-1-thread-15] INFO  com.company.step_definitions.Hook - browser closed
01:19:44.022 [pool-1-thread-21] INFO  com.company.step_definitions.Hook - browser closed
01:19:44.832 [pool-1-thread-16] INFO  com.company.step_definitions.Hook - Launching browser chrome-headless
01:19:45.020 [pool-1-thread-17] INFO  com.company.step_definitions.Hook - Launching browser chrome-headless
01:19:45.105 [pool-1-thread-1] INFO  com.company.step_definitions.Hook - Launching browser chrome-headless
01:19:45.565 [pool-1-thread-8] INFO  com.company.step_definitions.Hook - Launching browser chrome-headless
01:19:45.624 [pool-1-thread-18] INFO  com.company.step_definitions.Hook - Launching browser chrome-headless
01:19:46.037 [pool-1-thread-13] INFO  com.company.step_definitions.Hook - Launching browser chrome-headless
01:19:51.475 [pool-1-thread-1] INFO  com.company.step_definitions.Hook - browser closed
01:19:51.740 [pool-1-thread-16] INFO  com.company.step_definitions.Hook - browser closed
01:19:54.604 [pool-1-thread-19] INFO  com.company.step_definitions.Hook - browser closed
01:19:55.041 [pool-1-thread-13] INFO  com.company.step_definitions.Hook - browser closed
01:19:55.072 [pool-1-thread-18] INFO  com.company.step_definitions.Hook - browser closed
01:19:55.796 [pool-1-thread-1] INFO  com.company.step_definitions.Hook - Launching browser chrome-headless
01:19:55.982 [pool-1-thread-20] INFO  com.company.step_definitions.Hook - browser closed
01:19:58.503 [pool-1-thread-1] INFO  com.company.step_definitions.Hook - browser closed
01:19:58.696 [pool-1-thread-18] INFO  com.company.step_definitions.Hook - Launching browser chrome-headless
01:19:59.022 [pool-1-thread-17] INFO  com.company.step_definitions.Hook - browser closed
01:20:02.448 [pool-1-thread-18] INFO  com.company.step_definitions.Hook - browser closed
01:20:02.938 [pool-1-thread-1] INFO  com.company.step_definitions.Hook - Launching browser chrome-headless
01:20:04.943 [pool-1-thread-8] INFO  com.company.step_definitions.Hook - browser closed
01:20:05.431 [pool-1-thread-1] INFO  com.company.step_definitions.Hook - browser closed
