18:44:03.509 [main] INFO  com.company.step_definitions.Hook - Launching browser chrome-headless
18:44:15.518 [main] INFO  com.company.utilities.JSUtil - https://undostres.com.mx/ - OK 200
18:44:16.407 [main] INFO  com.company.utilities.JSUtil - https://undostres.com.mx/index.php - OK 200
18:44:17.797 [main] INFO  com.company.utilities.JSUtil - https://undostres.com.mx/index.php - OK 200
18:44:18.666 [main] INFO  com.company.utilities.JSUtil - https://undostres.com.mx/index.php - OK 200
18:44:19.126 [main] INFO  com.company.utilities.JSUtil - https://faq.undostres.com.mx/ - OK 200
18:44:19.892 [main] INFO  com.company.utilities.JSUtil - https://undostres.com.mx/promocion.php - OK 200
18:44:20.737 [main] INFO  com.company.utilities.JSUtil - https://undostres.com.mx/index.php#recharge - OK 200
18:44:21.626 [main] INFO  com.company.utilities.JSUtil - https://undostres.com.mx/index.php#taxi - OK 200
18:44:22.558 [main] INFO  com.company.utilities.JSUtil - https://undostres.com.mx/index.php#luz - OK 200
18:44:23.498 [main] INFO  com.company.utilities.JSUtil - https://undostres.com.mx/index.php#telefono - OK 200
18:44:24.344 [main] INFO  com.company.utilities.JSUtil - https://undostres.com.mx/index.php#television - OK 200
18:44:25.232 [main] INFO  com.company.utilities.JSUtil - https://undostres.com.mx/index.php#postpago - OK 200
18:44:26.092 [main] INFO  com.company.utilities.JSUtil - https://undostres.com.mx/index.php#agua - OK 200
18:44:27.003 [main] INFO  com.company.utilities.JSUtil - https://undostres.com.mx/index.php#gas - OK 200
18:44:28.128 [main] INFO  com.company.utilities.JSUtil - https://undostres.com.mx/index.php#hipoteca - OK 200
18:44:29.159 [main] INFO  com.company.utilities.JSUtil - https://undostres.com.mx/index.php#donation - OK 200
18:44:30.153 [main] INFO  com.company.utilities.JSUtil - https://undostres.com.mx/index.php#entertainment - OK 200
18:44:31.093 [main] INFO  com.company.utilities.JSUtil - https://undostres.com.mx/index.php#transport - OK 200
18:44:31.973 [main] INFO  com.company.utilities.JSUtil - https://undostres.com.mx/index.php#giftcards - OK 200
18:44:32.866 [main] INFO  com.company.utilities.JSUtil - https://undostres.com.mx/index.php#membresias - OK 200
18:44:33.727 [main] INFO  com.company.utilities.JSUtil - https://undostres.com.mx/index.php#vip - OK 200
18:44:34.617 [main] INFO  com.company.utilities.JSUtil - https://undostres.com.mx/index.php#games - OK 200
18:44:35.491 [main] INFO  com.company.utilities.JSUtil - https://undostres.com.mx/index.php#movies - OK 200
18:44:36.010 [main] INFO  com.company.utilities.JSUtil - https://servicios.undostres.com.mx/segurocovid/ - OK 200
18:44:36.708 [main] INFO  com.company.utilities.JSUtil - https://faq.undostres.com.mx/ - OK 200
18:44:37.902 [main] INFO  com.company.utilities.JSUtil - https://undostres.com.mx/boletosTC.html - OK 200
18:44:38.906 [main] INFO  com.company.utilities.JSUtil - https://undostres.com.mx/boletosTC.html - OK 200
18:44:41.160 [main] INFO  com.company.utilities.JSUtil - https://faq.undostres.com.mx/transporte/#lp-pom-text-1095 - OK 200
18:44:41.495 [main] INFO  com.company.utilities.JSUtil - https://faq.undostres.com.mx/transporte/ - OK 200
18:44:41.991 [main] INFO  com.company.utilities.JSUtil - https://faq.undostres.com.mx/diversion/ - OK 200
18:44:42.799 [main] INFO  com.company.utilities.JSUtil - https://undostres.com.mx/boletosTC_cinepolisKlic.html - OK 200
18:44:45.588 [main] INFO  com.company.utilities.JSUtil - https://www.kubofinanciero.com/ - OK 200
18:44:46.522 [main] INFO  com.company.utilities.JSUtil - https://undostres.com.mx/PrivacyPolicy.html - OK 200
18:44:48.493 [main] INFO  com.company.utilities.JSUtil - https://www.kubofinanciero.com/ - OK 200
18:44:51.062 [main] INFO  com.company.utilities.JSUtil - https://faq.undostres.com.mx/diversion/ - OK 200
18:44:51.492 [main] INFO  com.company.utilities.JSUtil - https://faq.undostres.com.mx/ - OK 200
18:44:52.315 [main] INFO  com.company.utilities.JSUtil - https://undostres.com.mx/boletosTC_acuario.html - OK 200
18:44:53.150 [main] INFO  com.company.utilities.JSUtil - https://undostres.com.mx/index.php# - OK 200
18:44:54.007 [main] INFO  com.company.utilities.JSUtil - https://undostres.com.mx/index.php# - OK 200
18:44:54.820 [main] INFO  com.company.utilities.JSUtil - https://undostres.com.mx/fresca/ - OK 200
18:44:55.269 [main] INFO  com.company.utilities.JSUtil - https://tnc.undostres.com.mx/movi/ - OK 200
18:44:57.525 [main] INFO  com.company.utilities.JSUtil - https://undostres.com.mx/?product_type=donation&operator=unicef&utm_source=organic&utm_medium=desktop_banner&utm_campaign=20200724_desktop_banner& - OK 200
18:44:58.386 [main] INFO  com.company.utilities.JSUtil - https://undostres.com.mx/index.php# - OK 200
18:44:59.301 [main] INFO  com.company.utilities.JSUtil - https://undostres.com.mx/index.php# - OK 200
18:45:00.153 [main] INFO  com.company.utilities.JSUtil - https://undostres.com.mx/fresca/ - OK 200
18:45:00.498 [main] INFO  com.company.utilities.JSUtil - https://tnc.undostres.com.mx/movi/ - OK 200
18:45:02.171 [main] INFO  com.company.utilities.JSUtil - https://undostres.com.mx/?product_type=donation&operator=unicef&utm_source=organic&utm_medium=desktop_banner&utm_campaign=20200724_desktop_banner& - OK 200
18:45:02.853 [main] INFO  com.company.utilities.JSUtil - https://contacto.undostres.com.mx/ - OK 200
18:45:03.706 [main] INFO  com.company.utilities.JSUtil - https://undostres.com.mx/index.php# - OK 200
18:45:04.612 [main] INFO  com.company.utilities.JSUtil - https://undostres.com.mx/index.php#tab_card_validate - OK 200
18:45:05.476 [main] INFO  com.company.utilities.JSUtil - https://undostres.com.mx/index.php#tab_paypal_validate - OK 200
18:45:06.506 [main] INFO  com.company.utilities.JSUtil - https://undostres.com.mx/index.php?product_type=celular - OK 200
18:45:07.388 [main] INFO  com.company.utilities.JSUtil - https://undostres.com.mx/index.php?product_type=cine - OK 200
18:45:08.727 [main] INFO  com.company.utilities.JSUtil - https://undostres.com.mx/index.php?product_type=tag - OK 200
18:45:09.750 [main] INFO  com.company.utilities.JSUtil - https://undostres.com.mx/index.php?product_type=luz - OK 200
18:45:11.007 [main] INFO  com.company.utilities.JSUtil - https://undostres.com.mx/index.php?product_type=telefono - OK 200
18:45:11.852 [main] INFO  com.company.utilities.JSUtil - https://undostres.com.mx/index.php?product_type=television - OK 200
18:45:12.710 [main] INFO  com.company.utilities.JSUtil - https://undostres.com.mx/index.php?product_type=postpago - OK 200
18:45:13.588 [main] INFO  com.company.utilities.JSUtil - https://undostres.com.mx/index.php?product_type=agua - OK 200
18:45:14.467 [main] INFO  com.company.utilities.JSUtil - https://undostres.com.mx/index.php?product_type=gas - OK 200
18:45:15.514 [main] INFO  com.company.utilities.JSUtil - https://undostres.com.mx/index.php?product_type=hipoteca - OK 200
18:45:16.414 [main] INFO  com.company.utilities.JSUtil - https://undostres.com.mx/index.php?product_type=entertainment - OK 200
18:45:17.612 [main] INFO  com.company.utilities.JSUtil - https://undostres.com.mx/index.php?product_type=transport - OK 200
18:45:18.494 [main] INFO  com.company.utilities.JSUtil - https://undostres.com.mx/index.php?product_type=credito - OK 200
18:45:19.341 [main] INFO  com.company.utilities.JSUtil - https://undostres.com.mx/index.php?product_type=giftcards - OK 200
18:45:20.197 [main] INFO  com.company.utilities.JSUtil - https://undostres.com.mx/index.php?product_type=membresias - OK 200
18:45:21.062 [main] INFO  com.company.utilities.JSUtil - https://undostres.com.mx/index.php?product_type=vip - OK 200
18:45:21.943 [main] INFO  com.company.utilities.JSUtil - https://undostres.com.mx/index.php?product_type=creditline - OK 200
18:45:22.311 [main] INFO  com.company.utilities.JSUtil - https://somos.undostres.com.mx/ - OK 200
18:45:22.739 [main] INFO  com.company.utilities.JSUtil - https://contacto.undostres.com.mx/ - OK 200
18:45:23.192 [main] INFO  com.company.utilities.JSUtil - https://faq.undostres.com.mx/ - OK 200
18:45:23.989 [main] INFO  com.company.utilities.JSUtil - https://undostres.com.mx/PrivacyPolicy.html - OK 200
18:45:24.827 [main] INFO  com.company.utilities.JSUtil - https://undostres.com.mx/terms.html - OK 200
18:45:26.169 [main] INFO  com.company.utilities.JSUtil - https://www.facebook.com/undostresmx/ - OK 200
18:45:30.254 [main] INFO  com.company.utilities.JSUtil - https://www.instagram.com/undostres_mx/ - OK 200
18:45:30.817 [main] INFO  com.company.utilities.JSUtil - https://twitter.com/undostres_mx - OK 200
18:45:31.236 [main] INFO  com.company.utilities.JSUtil - https://play.google.com/store/apps/details?id=www.undostres.com.mx&hl=es - OK 200
18:45:32.235 [main] INFO  com.company.utilities.JSUtil - https://apps.apple.com/mx/app/undostres/id1375793322 - OK 200
18:45:32.762 [main] FATAL com.company.utilities.JSUtil - https://appgallery.cloud.huawei.com/marketshare/app/C101162505?locale=en_US&source=appshare&subsource=C101162505URL is either not configured for anchor tag or it is empty
18:45:32.773 [main] INFO  com.company.utilities.JSUtil - https://appgallery.cloud.huawei.com/marketshare/app/C101162505?locale=en_US&source=appshare&subsource=C101162505 - null 200
18:45:33.663 [main] INFO  com.company.utilities.JSUtil - https://undostres.com.mx/index.php#tab_a - OK 200
18:45:34.564 [main] INFO  com.company.utilities.JSUtil - https://undostres.com.mx/index.php#tab_b - OK 200
18:45:35.418 [main] INFO  com.company.utilities.JSUtil - https://undostres.com.mx/index.php#tab_b - OK 200
18:45:36.222 [main] INFO  com.company.utilities.JSUtil - https://undostres.com.mx/terms.html - OK 200
18:45:37.262 [main] INFO  com.company.utilities.JSUtil - https://undostres.com.mx/PrivacyPolicy.html - OK 200
18:45:42.224 [main] INFO  com.company.utilities.JSUtil - https://uber.com/legal/gift-cards/es-mx/ - OK 200
18:45:42.640 [main] INFO  com.company.utilities.JSUtil - https://faq.undostres.com.mx/ubicacion/ - OK 200
18:45:43.073 [main] INFO  com.company.utilities.JSUtil - https://faq.undostres.com.mx/uber/ - OK 200
18:45:44.962 [main] INFO  com.company.utilities.JSUtil - https://undostres.com.mx/index.php# - OK 200
18:45:45.865 [main] INFO  com.company.utilities.JSUtil - https://undostres.com.mx/index.php# - OK 200
18:45:46.036 [main] INFO  com.company.utilities.JSUtil - https://play.google.com/store/apps/details?id=www.undostres.com.mx - OK 200
18:45:46.950 [main] INFO  com.company.utilities.JSUtil - https://undostres.com.mx/index.php# - OK 200
18:45:47.478 [main] INFO  com.company.utilities.JSUtil - https://itunes.apple.com/mx/app/undostres/id1375793322 - OK 200
18:45:48.373 [main] INFO  com.company.utilities.JSUtil - https://undostres.com.mx/index.php# - OK 200
18:45:51.786 [main] INFO  com.company.step_definitions.Hook - browser closed
18:52:46.463 [main] INFO  com.company.step_definitions.Hook - Launching browser chrome-headless
18:52:59.512 [main] INFO  com.company.utilities.JSUtil - https://undostres.com.mx/ - OK 200
18:53:00.415 [main] INFO  com.company.utilities.JSUtil - https://undostres.com.mx/index.php - OK 200
18:53:01.499 [main] INFO  com.company.utilities.JSUtil - https://undostres.com.mx/index.php - OK 200
18:53:02.338 [main] INFO  com.company.utilities.JSUtil - https://undostres.com.mx/index.php - OK 200
18:53:02.801 [main] INFO  com.company.utilities.JSUtil - https://faq.undostres.com.mx/ - OK 200
18:53:03.830 [main] INFO  com.company.utilities.JSUtil - https://undostres.com.mx/promocion.php - OK 200
18:53:04.686 [main] INFO  com.company.utilities.JSUtil - https://undostres.com.mx/index.php#recharge - OK 200
18:53:05.525 [main] INFO  com.company.utilities.JSUtil - https://undostres.com.mx/index.php#taxi - OK 200
18:53:06.378 [main] INFO  com.company.utilities.JSUtil - https://undostres.com.mx/index.php#luz - OK 200
18:53:07.228 [main] INFO  com.company.utilities.JSUtil - https://undostres.com.mx/index.php#telefono - OK 200
18:53:08.098 [main] INFO  com.company.utilities.JSUtil - https://undostres.com.mx/index.php#television - OK 200
18:53:08.958 [main] INFO  com.company.utilities.JSUtil - https://undostres.com.mx/index.php#postpago - OK 200
18:53:09.817 [main] INFO  com.company.utilities.JSUtil - https://undostres.com.mx/index.php#agua - OK 200
18:53:10.717 [main] INFO  com.company.utilities.JSUtil - https://undostres.com.mx/index.php#gas - OK 200
18:53:11.557 [main] INFO  com.company.utilities.JSUtil - https://undostres.com.mx/index.php#hipoteca - OK 200
18:53:12.379 [main] INFO  com.company.utilities.JSUtil - https://undostres.com.mx/index.php#donation - OK 200
18:53:13.223 [main] INFO  com.company.utilities.JSUtil - https://undostres.com.mx/index.php#entertainment - OK 200
18:53:14.051 [main] INFO  com.company.utilities.JSUtil - https://undostres.com.mx/index.php#transport - OK 200
18:53:14.894 [main] INFO  com.company.utilities.JSUtil - https://undostres.com.mx/index.php#giftcards - OK 200
18:53:15.735 [main] INFO  com.company.utilities.JSUtil - https://undostres.com.mx/index.php#membresias - OK 200
18:53:16.651 [main] INFO  com.company.utilities.JSUtil - https://undostres.com.mx/index.php#vip - OK 200
18:53:17.578 [main] INFO  com.company.utilities.JSUtil - https://undostres.com.mx/index.php#games - OK 200
18:53:18.436 [main] INFO  com.company.utilities.JSUtil - https://undostres.com.mx/index.php#movies - OK 200
18:53:18.875 [main] INFO  com.company.utilities.JSUtil - https://servicios.undostres.com.mx/segurocovid/ - OK 200
18:53:19.208 [main] INFO  com.company.utilities.JSUtil - https://faq.undostres.com.mx/ - OK 200
18:53:20.012 [main] INFO  com.company.utilities.JSUtil - https://undostres.com.mx/boletosTC.html - OK 200
18:53:20.802 [main] INFO  com.company.utilities.JSUtil - https://undostres.com.mx/boletosTC.html - OK 200
18:53:23.059 [main] INFO  com.company.utilities.JSUtil - https://faq.undostres.com.mx/transporte/#lp-pom-text-1095 - OK 200
18:53:23.404 [main] INFO  com.company.utilities.JSUtil - https://faq.undostres.com.mx/transporte/ - OK 200
18:53:23.745 [main] INFO  com.company.utilities.JSUtil - https://faq.undostres.com.mx/diversion/ - OK 200
18:53:24.531 [main] INFO  com.company.utilities.JSUtil - https://undostres.com.mx/boletosTC_cinepolisKlic.html - OK 200
18:53:27.218 [main] INFO  com.company.utilities.JSUtil - https://www.kubofinanciero.com/ - OK 200
18:53:28.008 [main] INFO  com.company.utilities.JSUtil - https://undostres.com.mx/PrivacyPolicy.html - OK 200
18:53:30.006 [main] INFO  com.company.utilities.JSUtil - https://www.kubofinanciero.com/ - OK 200
18:53:32.108 [main] ERROR com.company.utilities.JSUtil - https://medium.com/undostres/informaci%C3%B3n-sobre-transferencias-y-servicios-de-monedero-undostres-ad68ee6bdd09 is a broken link 403
18:53:32.577 [main] INFO  com.company.utilities.JSUtil - https://faq.undostres.com.mx/diversion/ - OK 200
18:53:32.853 [main] INFO  com.company.utilities.JSUtil - https://faq.undostres.com.mx/ - OK 200
18:53:34.004 [main] INFO  com.company.utilities.JSUtil - https://undostres.com.mx/boletosTC_acuario.html - OK 200
18:53:34.912 [main] INFO  com.company.utilities.JSUtil - https://undostres.com.mx/index.php# - OK 200
18:53:35.809 [main] INFO  com.company.utilities.JSUtil - https://undostres.com.mx/index.php# - OK 200
18:53:36.687 [main] INFO  com.company.utilities.JSUtil - https://undostres.com.mx/fresca/ - OK 200
18:53:37.170 [main] INFO  com.company.utilities.JSUtil - https://tnc.undostres.com.mx/movi/ - OK 200
18:53:39.280 [main] INFO  com.company.utilities.JSUtil - https://undostres.com.mx/?product_type=donation&operator=unicef&utm_source=organic&utm_medium=desktop_banner&utm_campaign=20200724_desktop_banner& - OK 200
18:53:40.143 [main] INFO  com.company.utilities.JSUtil - https://undostres.com.mx/index.php# - OK 200
18:53:40.988 [main] INFO  com.company.utilities.JSUtil - https://undostres.com.mx/index.php# - OK 200
18:53:41.840 [main] INFO  com.company.utilities.JSUtil - https://undostres.com.mx/fresca/ - OK 200
18:53:42.294 [main] INFO  com.company.utilities.JSUtil - https://tnc.undostres.com.mx/movi/ - OK 200
18:53:43.946 [main] INFO  com.company.utilities.JSUtil - https://undostres.com.mx/?product_type=donation&operator=unicef&utm_source=organic&utm_medium=desktop_banner&utm_campaign=20200724_desktop_banner& - OK 200
18:53:44.396 [main] INFO  com.company.utilities.JSUtil - https://contacto.undostres.com.mx/ - OK 200
18:53:45.270 [main] INFO  com.company.utilities.JSUtil - https://undostres.com.mx/index.php# - OK 200
18:53:46.220 [main] INFO  com.company.utilities.JSUtil - https://undostres.com.mx/index.php#tab_card_validate - OK 200
18:53:47.097 [main] INFO  com.company.utilities.JSUtil - https://undostres.com.mx/index.php#tab_paypal_validate - OK 200
18:53:47.993 [main] INFO  com.company.utilities.JSUtil - https://undostres.com.mx/index.php?product_type=celular - OK 200
18:53:48.859 [main] INFO  com.company.utilities.JSUtil - https://undostres.com.mx/index.php?product_type=cine - OK 200
18:53:49.701 [main] INFO  com.company.utilities.JSUtil - https://undostres.com.mx/index.php?product_type=tag - OK 200
18:53:50.537 [main] INFO  com.company.utilities.JSUtil - https://undostres.com.mx/index.php?product_type=luz - OK 200
18:53:51.442 [main] INFO  com.company.utilities.JSUtil - https://undostres.com.mx/index.php?product_type=telefono - OK 200
18:53:52.298 [main] INFO  com.company.utilities.JSUtil - https://undostres.com.mx/index.php?product_type=television - OK 200
18:53:53.152 [main] INFO  com.company.utilities.JSUtil - https://undostres.com.mx/index.php?product_type=postpago - OK 200
18:53:53.992 [main] INFO  com.company.utilities.JSUtil - https://undostres.com.mx/index.php?product_type=agua - OK 200
18:53:54.827 [main] INFO  com.company.utilities.JSUtil - https://undostres.com.mx/index.php?product_type=gas - OK 200
18:53:55.652 [main] INFO  com.company.utilities.JSUtil - https://undostres.com.mx/index.php?product_type=hipoteca - OK 200
18:53:56.519 [main] INFO  com.company.utilities.JSUtil - https://undostres.com.mx/index.php?product_type=entertainment - OK 200
18:53:57.400 [main] INFO  com.company.utilities.JSUtil - https://undostres.com.mx/index.php?product_type=transport - OK 200
18:53:58.333 [main] INFO  com.company.utilities.JSUtil - https://undostres.com.mx/index.php?product_type=credito - OK 200
18:53:59.182 [main] INFO  com.company.utilities.JSUtil - https://undostres.com.mx/index.php?product_type=giftcards - OK 200
18:54:00.022 [main] INFO  com.company.utilities.JSUtil - https://undostres.com.mx/index.php?product_type=membresias - OK 200
18:54:00.879 [main] INFO  com.company.utilities.JSUtil - https://undostres.com.mx/index.php?product_type=vip - OK 200
18:54:01.716 [main] INFO  com.company.utilities.JSUtil - https://undostres.com.mx/index.php?product_type=creditline - OK 200
18:54:02.176 [main] INFO  com.company.utilities.JSUtil - https://somos.undostres.com.mx/ - OK 200
18:54:02.504 [main] INFO  com.company.utilities.JSUtil - https://contacto.undostres.com.mx/ - OK 200
18:54:02.934 [main] INFO  com.company.utilities.JSUtil - https://faq.undostres.com.mx/ - OK 200
18:54:03.981 [main] INFO  com.company.utilities.JSUtil - https://undostres.com.mx/PrivacyPolicy.html - OK 200
18:54:04.767 [main] INFO  com.company.utilities.JSUtil - https://undostres.com.mx/terms.html - OK 200
18:54:06.470 [main] INFO  com.company.utilities.JSUtil - https://www.facebook.com/undostresmx/ - OK 200
18:54:07.080 [main] INFO  com.company.utilities.JSUtil - https://www.instagram.com/undostres_mx/ - OK 200
18:54:07.645 [main] INFO  com.company.utilities.JSUtil - https://twitter.com/undostres_mx - OK 200
18:54:07.839 [main] ERROR com.company.utilities.JSUtil - https://es.linkedin.com/company/undostresmx is a broken link 999
18:54:08.113 [main] INFO  com.company.utilities.JSUtil - https://play.google.com/store/apps/details?id=www.undostres.com.mx&hl=es - OK 200
18:54:08.198 [main] INFO  com.company.utilities.JSUtil - https://apps.apple.com/mx/app/undostres/id1375793322 - OK 200
18:54:08.672 [main] FATAL com.company.utilities.JSUtil - https://appgallery.cloud.huawei.com/marketshare/app/C101162505?locale=en_US&source=appshare&subsource=C101162505URL is either not configured for anchor tag or it is empty
18:54:08.673 [main] INFO  com.company.utilities.JSUtil - https://appgallery.cloud.huawei.com/marketshare/app/C101162505?locale=en_US&source=appshare&subsource=C101162505 - null 200
18:54:09.560 [main] INFO  com.company.utilities.JSUtil - https://undostres.com.mx/index.php#tab_a - OK 200
18:54:10.394 [main] INFO  com.company.utilities.JSUtil - https://undostres.com.mx/index.php#tab_b - OK 200
18:54:11.266 [main] INFO  com.company.utilities.JSUtil - https://undostres.com.mx/index.php#tab_b - OK 200
18:54:12.034 [main] INFO  com.company.utilities.JSUtil - https://undostres.com.mx/terms.html - OK 200
18:54:12.836 [main] INFO  com.company.utilities.JSUtil - https://undostres.com.mx/PrivacyPolicy.html - OK 200
18:54:16.731 [main] INFO  com.company.utilities.JSUtil - https://uber.com/legal/gift-cards/es-mx/ - OK 200
18:54:17.234 [main] INFO  com.company.utilities.JSUtil - https://faq.undostres.com.mx/ubicacion/ - OK 200
18:54:17.676 [main] INFO  com.company.utilities.JSUtil - https://faq.undostres.com.mx/uber/ - OK 200
18:54:40.370 [main] INFO  com.company.utilities.JSUtil - https://undostres.com.mx/index.php# - OK 200
18:54:41.298 [main] INFO  com.company.utilities.JSUtil - https://undostres.com.mx/index.php# - OK 200
18:54:41.470 [main] INFO  com.company.utilities.JSUtil - https://play.google.com/store/apps/details?id=www.undostres.com.mx - OK 200
18:54:42.325 [main] INFO  com.company.utilities.JSUtil - https://undostres.com.mx/index.php# - OK 200
18:54:43.440 [main] INFO  com.company.utilities.JSUtil - https://itunes.apple.com/mx/app/undostres/id1375793322 - OK 200
18:54:44.267 [main] INFO  com.company.utilities.JSUtil - https://undostres.com.mx/index.php# - OK 200
18:54:47.767 [main] INFO  com.company.step_definitions.Hook - browser closed
