00:06:21.692 [main] INFO  com.company.step_definitions.Hook - browser closed
00:07:01.743 [main] INFO  com.company.step_definitions.Hook - Launching browser chrome-headless
00:07:07.089 [main] INFO  com.company.step_definitions.AddRemoveModule - I am in homepage
00:07:07.287 [main] INFO  com.company.step_definitions.AddRemoveModule - Remove elements is displayed
00:07:08.256 [main] INFO  com.company.step_definitions.Hook - browser closed
00:07:11.053 [main] INFO  com.company.step_definitions.Hook - Launching browser chrome-headless
00:07:18.626 [main] INFO  com.company.step_definitions.Hook - browser closed
00:07:21.612 [main] INFO  com.company.step_definitions.Hook - Launching browser chrome-headless
00:07:28.458 [main] INFO  com.company.step_definitions.Hook - browser closed
00:07:31.064 [main] INFO  com.company.step_definitions.Hook - Launching browser chrome-headless
00:07:40.685 [main] INFO  com.company.step_definitions.Hook - browser closed
00:17:41.699 [main] INFO  com.company.step_definitions.Hook - Launching browser chrome-headless
00:17:47.033 [main] INFO  com.company.step_definitions.AddRemoveModule - I am in homepage
00:17:47.310 [main] INFO  com.company.step_definitions.AddRemoveModule - Remove elements is displayed
00:17:48.596 [main] INFO  com.company.step_definitions.Hook - browser closed
00:17:51.637 [main] INFO  com.company.step_definitions.Hook - Launching browser chrome-headless
00:18:00.465 [main] INFO  com.company.step_definitions.Hook - browser closed
00:18:03.395 [main] INFO  com.company.step_definitions.Hook - Launching browser chrome-headless
00:18:10.519 [main] INFO  com.company.step_definitions.Hook - browser closed
00:18:13.141 [main] INFO  com.company.step_definitions.Hook - Launching browser chrome-headless
00:18:20.092 [main] INFO  com.company.step_definitions.Hook - browser closed
00:20:24.716 [pool-1-thread-10] INFO  com.company.step_definitions.Hook - Launching browser chrome-headless
00:20:24.717 [pool-1-thread-8] INFO  com.company.step_definitions.Hook - Launching browser chrome-headless
00:20:25.526 [pool-1-thread-15] INFO  com.company.step_definitions.Hook - Launching browser chrome-headless
00:20:25.526 [pool-1-thread-1] INFO  com.company.step_definitions.Hook - Launching browser chrome-headless
00:20:26.473 [pool-1-thread-6] INFO  com.company.step_definitions.Hook - Launching browser chrome-headless
00:20:28.869 [pool-1-thread-4] INFO  com.company.step_definitions.Hook - Launching browser chrome-headless
00:20:29.173 [pool-1-thread-3] INFO  com.company.step_definitions.Hook - Launching browser chrome-headless
00:20:29.256 [pool-1-thread-2] INFO  com.company.step_definitions.Hook - Launching browser chrome-headless
00:20:29.417 [pool-1-thread-5] INFO  com.company.step_definitions.Hook - Launching browser chrome-headless
00:20:30.681 [pool-1-thread-11] INFO  com.company.step_definitions.Hook - Launching browser chrome-headless
00:20:30.901 [pool-1-thread-16] INFO  com.company.step_definitions.Hook - Launching browser chrome-headless
00:20:34.688 [pool-1-thread-12] INFO  com.company.step_definitions.Hook - Launching browser chrome-headless
00:20:34.909 [pool-1-thread-7] INFO  com.company.step_definitions.Hook - Launching browser chrome-headless
00:20:34.909 [pool-1-thread-14] INFO  com.company.step_definitions.Hook - Launching browser chrome-headless
00:20:35.291 [pool-1-thread-9] INFO  com.company.step_definitions.Hook - Launching browser chrome-headless
00:20:46.906 [pool-1-thread-1] INFO  com.company.step_definitions.AddRemoveModule - I am in homepage
00:20:48.967 [pool-1-thread-2] INFO  com.company.step_definitions.WindowsAuthentication - navigated the website
00:20:52.568 [pool-1-thread-13] INFO  com.company.step_definitions.Hook - Launching browser chrome-headless
00:20:52.368 [pool-1-thread-2] INFO  com.company.step_definitions.WindowsAuthentication - Basic auth element is displayed
00:20:52.674 [pool-1-thread-3] INFO  com.company.step_definitions.WindowsAuthentication - navigated the website
00:20:52.690 [pool-1-thread-1] INFO  com.company.step_definitions.AddRemoveModule - Remove elements is displayed
00:20:59.985 [pool-1-thread-2] INFO  com.company.step_definitions.Hook - browser closed
00:21:00.165 [pool-1-thread-1] INFO  com.company.step_definitions.Hook - browser closed
00:21:09.096 [pool-1-thread-11] INFO  com.company.step_definitions.Hook - browser closed
00:21:09.266 [pool-1-thread-6] INFO  com.company.step_definitions.Hook - browser closed
00:21:09.550 [pool-1-thread-4] INFO  com.company.step_definitions.Hook - browser closed
00:21:13.531 [pool-1-thread-10] INFO  com.company.step_definitions.Hook - browser closed
00:21:14.641 [pool-1-thread-16] INFO  com.company.step_definitions.Hook - browser closed
00:21:16.448 [pool-1-thread-5] INFO  com.company.step_definitions.Hook - browser closed
00:21:19.667 [pool-1-thread-8] INFO  com.company.step_definitions.Hook - browser closed
00:21:21.108 [pool-1-thread-12] INFO  com.company.step_definitions.Hook - browser closed
00:21:28.224 [pool-1-thread-7] INFO  com.company.step_definitions.Hook - browser closed
00:21:28.285 [pool-1-thread-9] INFO  com.company.step_definitions.Hook - browser closed
00:21:28.321 [pool-1-thread-15] INFO  com.company.step_definitions.Hook - browser closed
00:21:28.323 [pool-1-thread-3] INFO  com.company.step_definitions.Hook - browser closed
00:21:32.646 [pool-1-thread-14] INFO  com.company.step_definitions.Hook - browser closed
00:21:52.653 [pool-1-thread-2] INFO  com.company.step_definitions.Hook - Launching browser chrome-headless
00:21:52.716 [pool-1-thread-1] INFO  com.company.step_definitions.Hook - Launching browser chrome-headless
00:21:57.852 [pool-1-thread-11] INFO  com.company.step_definitions.Hook - Launching browser chrome-headless
00:22:06.362 [pool-1-thread-6] INFO  com.company.step_definitions.Hook - Launching browser chrome-headless
00:22:06.418 [pool-1-thread-4] INFO  com.company.step_definitions.Hook - Launching browser chrome-headless
00:22:07.493 [pool-1-thread-5] INFO  com.company.step_definitions.Hook - Launching browser chrome-headless
00:22:09.092 [pool-1-thread-10] INFO  com.company.step_definitions.Hook - Launching browser chrome-headless
00:22:09.126 [pool-1-thread-16] INFO  com.company.step_definitions.Hook - Launching browser chrome-headless
00:22:09.959 [pool-1-thread-8] INFO  com.company.step_definitions.Hook - Launching browser chrome-headless
00:22:19.201 [pool-1-thread-7] INFO  com.company.step_definitions.Hook - Launching browser chrome-headless
00:22:22.160 [pool-1-thread-13] INFO  com.company.step_definitions.Hook - browser closed
00:22:22.497 [pool-1-thread-9] INFO  com.company.step_definitions.Hook - Launching browser chrome-headless
00:22:25.578 [pool-1-thread-12] INFO  com.company.step_definitions.Hook - Launching browser chrome-headless
00:22:29.126 [pool-1-thread-15] INFO  com.company.step_definitions.Hook - Launching browser chrome-headless
00:22:40.731 [pool-1-thread-8] INFO  com.company.utilities.BrowserUtils - Element not displayed 
00:22:41.093 [pool-1-thread-8] INFO  com.company.utilities.BrowserUtils - Element not displayed 
00:22:50.965 [pool-1-thread-6] INFO  com.company.step_definitions.Hook - browser closed
00:22:57.071 [pool-1-thread-10] INFO  com.company.step_definitions.Hook - browser closed
00:23:00.550 [pool-1-thread-6] INFO  com.company.step_definitions.Hook - Launching browser chrome-headless
00:23:02.574 [pool-1-thread-12] INFO  com.company.step_definitions.Hook - browser closed
00:23:07.510 [pool-1-thread-1] INFO  com.company.step_definitions.Hook - browser closed
00:23:08.678 [pool-1-thread-7] INFO  com.company.step_definitions.Hook - browser closed
00:23:13.765 [pool-1-thread-11] INFO  com.company.step_definitions.Hook - browser closed
00:23:15.231 [pool-1-thread-2] INFO  com.company.step_definitions.Hook - browser closed
00:23:16.100 [pool-1-thread-9] INFO  com.company.step_definitions.Hook - browser closed
00:23:24.896 [pool-1-thread-16] INFO  com.company.step_definitions.Hook - browser closed
00:23:25.195 [pool-1-thread-5] INFO  com.company.step_definitions.Hook - browser closed
00:23:26.369 [pool-1-thread-11] INFO  com.company.step_definitions.Hook - Launching browser chrome-headless
00:23:26.377 [pool-1-thread-1] INFO  com.company.step_definitions.Hook - Launching browser chrome-headless
00:23:28.489 [pool-1-thread-4] INFO  com.company.step_definitions.Hook - browser closed
00:23:30.956 [pool-1-thread-8] INFO  com.company.step_definitions.Hook - browser closed
00:23:31.100 [pool-1-thread-15] INFO  com.company.step_definitions.Hook - browser closed
00:23:39.994 [pool-1-thread-1] INFO  com.company.step_definitions.Hook - browser closed
00:23:45.448 [pool-1-thread-4] INFO  com.company.step_definitions.Hook - Launching browser chrome-headless
00:23:45.869 [pool-1-thread-11] INFO  com.company.step_definitions.Hook - browser closed
00:23:50.317 [pool-1-thread-1] INFO  com.company.step_definitions.Hook - Launching browser chrome-headless
00:24:01.325 [pool-1-thread-1] INFO  com.company.step_definitions.Hook - browser closed
00:24:01.835 [pool-1-thread-4] INFO  com.company.step_definitions.Hook - browser closed
00:24:09.224 [pool-1-thread-4] INFO  com.company.step_definitions.Hook - Launching browser chrome-headless
00:24:22.379 [pool-1-thread-6] INFO  com.company.step_definitions.Hook - browser closed
00:24:26.230 [pool-1-thread-4] INFO  com.company.step_definitions.Hook - browser closed
00:29:51.482 [main] INFO  com.company.step_definitions.Hook - Launching browser chrome-headless
00:29:52.321 [main] INFO  com.company.step_definitions.Hook - browser closed
00:35:10.961 [main] INFO  com.company.step_definitions.Hook - Launching browser chrome-headless
00:35:10.991 [main] INFO  com.company.step_definitions.demo_steps - I am in chennai Express train station
00:35:11.003 [main] INFO  com.company.step_definitions.demo_steps - I want to go to Us
00:35:11.004 [main] INFO  com.company.step_definitions.demo_steps - I should practice a lot 
00:35:12.023 [main] INFO  com.company.step_definitions.Hook - browser closed
00:38:18.000 [main] INFO  com.company.step_definitions.Hook - Launching browser chrome-headless
00:38:18.017 [main] INFO  com.company.step_definitions.demo_steps - I am in chennai Express train station
00:38:18.032 [main] INFO  com.company.step_definitions.demo_steps - I want to go to Us
00:38:18.845 [main] INFO  com.company.step_definitions.Hook - browser closed
00:39:42.338 [main] INFO  com.company.step_definitions.Hook - Launching browser chrome-headless
00:39:42.357 [main] INFO  com.company.step_definitions.demo_steps - I am in chennai Express train station
00:39:42.364 [main] INFO  com.company.step_definitions.demo_steps - I want to go to Us
00:39:42.365 [main] INFO  com.company.step_definitions.demo_steps - I should practice a lot 
00:39:43.085 [main] INFO  com.company.step_definitions.Hook - browser closed
00:39:44.887 [main] INFO  com.company.step_definitions.Hook - Launching browser chrome-headless
00:39:44.888 [main] INFO  com.company.step_definitions.demo_steps - I am in chennai Express train station
00:39:44.889 [main] INFO  com.company.step_definitions.demo_steps - I want to go to Us
00:39:44.893 [main] INFO  com.company.step_definitions.demo_steps - I should leave India
00:39:45.620 [main] INFO  com.company.step_definitions.Hook - browser closed
18:46:36.393 [pool-1-thread-12] INFO  com.company.step_definitions.Hook - Launching browser chrome-headless
18:46:36.396 [pool-1-thread-14] INFO  com.company.step_definitions.Hook - Launching browser chrome-headless
18:46:37.668 [pool-1-thread-9] INFO  com.company.step_definitions.Hook - Launching browser chrome-headless
18:46:38.072 [pool-1-thread-16] INFO  com.company.step_definitions.Hook - Launching browser chrome-headless
18:46:38.291 [pool-1-thread-2] INFO  com.company.step_definitions.Hook - Launching browser chrome-headless
18:46:38.372 [pool-1-thread-1] INFO  com.company.step_definitions.Hook - Launching browser chrome-headless
18:46:39.461 [pool-1-thread-11] INFO  com.company.step_definitions.Hook - Launching browser chrome-headless
18:46:39.716 [pool-1-thread-7] INFO  com.company.step_definitions.Hook - Launching browser chrome-headless
18:46:41.452 [pool-1-thread-10] INFO  com.company.step_definitions.Hook - Launching browser chrome-headless
18:46:41.468 [pool-1-thread-5] INFO  com.company.step_definitions.Hook - Launching browser chrome-headless
18:46:41.480 [pool-1-thread-8] INFO  com.company.step_definitions.Hook - Launching browser chrome-headless
18:46:41.775 [pool-1-thread-15] INFO  com.company.step_definitions.Hook - Launching browser chrome-headless
18:46:44.059 [pool-1-thread-13] INFO  com.company.step_definitions.Hook - Launching browser chrome-headless
18:46:45.347 [pool-1-thread-4] INFO  com.company.step_definitions.Hook - Launching browser chrome-headless
18:46:45.353 [pool-1-thread-3] INFO  com.company.step_definitions.Hook - Launching browser chrome-headless
18:46:49.013 [pool-1-thread-6] INFO  com.company.step_definitions.Hook - Launching browser chrome-headless
18:47:05.742 [pool-1-thread-2] INFO  com.company.step_definitions.WindowsAuthentication - navigated the website
18:47:05.854 [pool-1-thread-1] INFO  com.company.step_definitions.AddRemoveModule - I am in homepage
18:47:08.195 [pool-1-thread-2] INFO  com.company.step_definitions.WindowsAuthentication - Basic auth element is displayed
18:47:08.618 [pool-1-thread-3] INFO  com.company.step_definitions.WindowsAuthentication - navigated the website
18:47:10.324 [pool-1-thread-1] INFO  com.company.step_definitions.AddRemoveModule - Remove elements is displayed
18:47:19.581 [pool-1-thread-2] INFO  com.company.step_definitions.Hook - browser closed
18:47:26.190 [pool-1-thread-11] INFO  com.company.step_definitions.Hook - browser closed
18:47:32.241 [pool-1-thread-12] INFO  com.company.step_definitions.Hook - browser closed
18:47:36.191 [pool-1-thread-6] INFO  com.company.step_definitions.Hook - browser closed
18:47:38.767 [pool-1-thread-5] INFO  com.company.step_definitions.Hook - browser closed
18:47:38.779 [pool-1-thread-4] INFO  com.company.step_definitions.Hook - browser closed
18:47:40.637 [pool-1-thread-13] INFO  com.company.step_definitions.Hook - browser closed
18:47:42.810 [pool-1-thread-9] INFO  com.company.step_definitions.Hook - browser closed
18:47:43.094 [pool-1-thread-16] INFO  com.company.step_definitions.Hook - browser closed
18:47:47.413 [pool-1-thread-7] INFO  com.company.step_definitions.Hook - browser closed
18:47:47.684 [pool-1-thread-10] INFO  com.company.step_definitions.Hook - browser closed
18:47:47.863 [pool-1-thread-8] INFO  com.company.step_definitions.Hook - browser closed
18:47:52.232 [pool-1-thread-3] INFO  com.company.step_definitions.Hook - browser closed
18:47:52.561 [pool-1-thread-14] INFO  com.company.step_definitions.Hook - browser closed
18:48:11.406 [pool-1-thread-1] INFO  com.company.step_definitions.Hook - browser closed
18:48:18.029 [pool-1-thread-15] INFO  com.company.step_definitions.Hook - browser closed
18:48:20.633 [pool-1-thread-12] INFO  com.company.step_definitions.Hook - Launching browser chrome-headless
18:48:20.694 [pool-1-thread-6] INFO  com.company.step_definitions.Hook - Launching browser chrome-headless
18:48:20.701 [pool-1-thread-2] INFO  com.company.step_definitions.Hook - Launching browser chrome-headless
18:48:20.792 [pool-1-thread-5] INFO  com.company.step_definitions.Hook - Launching browser chrome-headless
18:48:20.788 [pool-1-thread-11] INFO  com.company.step_definitions.Hook - Launching browser chrome-headless
18:48:20.736 [pool-1-thread-4] INFO  com.company.step_definitions.Hook - Launching browser chrome-headless
18:48:20.716 [pool-1-thread-13] INFO  com.company.step_definitions.Hook - Launching browser chrome-headless
18:48:21.520 [pool-1-thread-7] INFO  com.company.step_definitions.Hook - Launching browser chrome-headless
18:48:22.053 [pool-1-thread-8] INFO  com.company.step_definitions.Hook - Launching browser chrome-headless
18:48:21.610 [pool-1-thread-9] INFO  com.company.step_definitions.Hook - Launching browser chrome-headless
18:48:33.561 [pool-1-thread-16] INFO  com.company.step_definitions.Hook - Launching browser chrome-headless
18:48:42.970 [pool-1-thread-6] INFO  com.company.step_definitions.Hook - browser closed
18:48:45.232 [pool-1-thread-8] INFO  com.company.utilities.BrowserUtils - Element not displayed 
18:48:45.983 [pool-1-thread-8] INFO  com.company.utilities.BrowserUtils - Element not displayed 
18:48:52.391 [pool-1-thread-11] INFO  com.company.step_definitions.Hook - browser closed
18:48:55.671 [pool-1-thread-10] INFO  com.company.step_definitions.Hook - Launching browser chrome-headless
18:48:55.671 [pool-1-thread-10] INFO  com.company.step_definitions.demo_steps - I am in chennai Express train station
18:48:55.672 [pool-1-thread-10] INFO  com.company.step_definitions.demo_steps - I want to go to Us
18:48:55.672 [pool-1-thread-10] INFO  com.company.step_definitions.demo_steps - I should practice a lot 
18:48:55.733 [pool-1-thread-1] INFO  com.company.step_definitions.Hook - Launching browser chrome-headless
18:48:56.239 [pool-1-thread-8] INFO  com.company.step_definitions.Hook - browser closed
18:49:09.847 [pool-1-thread-15] INFO  com.company.step_definitions.Hook - Launching browser chrome-headless
18:49:10.024 [pool-1-thread-16] INFO  com.company.step_definitions.Hook - browser closed
18:49:10.824 [pool-1-thread-12] INFO  com.company.step_definitions.Hook - browser closed
18:49:17.002 [pool-1-thread-13] INFO  com.company.step_definitions.Hook - browser closed
18:49:27.056 [pool-1-thread-6] INFO  com.company.step_definitions.Hook - Launching browser chrome-headless
18:49:29.166 [pool-1-thread-11] INFO  com.company.step_definitions.Hook - Launching browser chrome-headless
18:49:32.279 [pool-1-thread-12] INFO  com.company.step_definitions.Hook - Launching browser chrome-headless
18:49:34.018 [pool-1-thread-9] INFO  com.company.step_definitions.Hook - browser closed
18:49:35.615 [pool-1-thread-7] INFO  com.company.step_definitions.Hook - browser closed
18:49:41.086 [pool-1-thread-4] INFO  com.company.step_definitions.Hook - browser closed
18:49:41.776 [pool-1-thread-2] INFO  com.company.step_definitions.Hook - browser closed
18:49:48.929 [pool-1-thread-15] INFO  com.company.step_definitions.Hook - browser closed
18:49:53.099 [pool-1-thread-10] INFO  com.company.step_definitions.Hook - browser closed
18:49:57.532 [pool-1-thread-10] INFO  com.company.step_definitions.Hook - Launching browser chrome-headless
18:49:57.539 [pool-1-thread-10] INFO  com.company.step_definitions.demo_steps - I am in chennai Express train station
18:49:57.539 [pool-1-thread-10] INFO  com.company.step_definitions.demo_steps - I want to go to Us
18:49:57.539 [pool-1-thread-10] INFO  com.company.step_definitions.demo_steps - I should leave India
18:50:00.565 [pool-1-thread-1] INFO  com.company.step_definitions.Hook - browser closed
18:50:03.976 [pool-1-thread-1] INFO  com.company.step_definitions.Hook - Launching browser chrome-headless
18:50:05.670 [pool-1-thread-11] INFO  com.company.step_definitions.Hook - browser closed
18:50:09.162 [pool-1-thread-6] INFO  com.company.step_definitions.Hook - browser closed
18:50:14.236 [pool-1-thread-5] INFO  com.company.step_definitions.Hook - browser closed
18:50:18.270 [pool-1-thread-6] INFO  com.company.step_definitions.Hook - Launching browser chrome-headless
18:50:20.518 [pool-1-thread-10] INFO  com.company.step_definitions.Hook - browser closed
18:50:40.036 [pool-1-thread-12] INFO  com.company.step_definitions.Hook - browser closed
18:50:42.701 [pool-1-thread-1] INFO  com.company.step_definitions.Hook - browser closed
18:50:47.563 [pool-1-thread-1] INFO  com.company.step_definitions.Hook - Launching browser chrome-headless
18:50:48.851 [pool-1-thread-6] INFO  com.company.step_definitions.Hook - browser closed
18:50:58.868 [pool-1-thread-1] INFO  com.company.step_definitions.Hook - browser closed
20:17:25.633 [main] INFO  com.company.step_definitions.Hook - Launching browser chrome
20:17:37.898 [main] INFO  com.company.step_definitions.Hook - browser closed
