21:33:14.440 [pool-1-thread-11] INFO  com.company.step_definitions.Hook - Launching browser chrome-headless
21:33:14.440 [pool-1-thread-23] INFO  com.company.step_definitions.Hook - Launching browser chrome-headless
21:33:14.440 [pool-1-thread-9] INFO  com.company.step_definitions.Hook - Launching browser chrome-headless
21:33:14.440 [pool-1-thread-6] INFO  com.company.step_definitions.Hook - Launching browser chrome-headless
21:33:14.440 [pool-1-thread-15] INFO  com.company.step_definitions.Hook - Launching browser chrome-headless
21:33:14.534 [pool-1-thread-25] INFO  com.company.step_definitions.Hook - Launching browser chrome-headless
21:33:14.628 [pool-1-thread-19] INFO  com.company.step_definitions.Hook - Launching browser chrome-headless
21:33:14.628 [pool-1-thread-16] INFO  com.company.step_definitions.Hook - Launching browser chrome-headless
21:33:14.659 [pool-1-thread-22] INFO  com.company.step_definitions.Hook - Launching browser chrome-headless
21:33:14.919 [pool-1-thread-24] INFO  com.company.step_definitions.Hook - Launching browser chrome-headless
21:33:16.040 [pool-1-thread-5] INFO  com.company.step_definitions.Hook - Launching browser chrome-headless
21:33:16.071 [pool-1-thread-17] INFO  com.company.step_definitions.Hook - Launching browser chrome-headless
21:33:16.107 [pool-1-thread-2] INFO  com.company.step_definitions.Hook - Launching browser chrome-headless
21:33:16.111 [pool-1-thread-7] INFO  com.company.step_definitions.Hook - Launching browser chrome-headless
21:33:16.145 [pool-1-thread-10] INFO  com.company.step_definitions.Hook - Launching browser chrome-headless
21:33:16.210 [pool-1-thread-13] INFO  com.company.step_definitions.Hook - Launching browser chrome-headless
21:33:16.250 [pool-1-thread-3] INFO  com.company.step_definitions.Hook - Launching browser chrome-headless
21:33:16.250 [pool-1-thread-12] INFO  com.company.step_definitions.Hook - Launching browser chrome-headless
21:33:16.250 [pool-1-thread-18] INFO  com.company.step_definitions.Hook - Launching browser chrome-headless
21:33:16.250 [pool-1-thread-8] INFO  com.company.step_definitions.Hook - Launching browser chrome-headless
21:33:16.248 [pool-1-thread-4] INFO  com.company.step_definitions.Hook - Launching browser chrome-headless
21:33:16.247 [pool-1-thread-1] INFO  com.company.step_definitions.Hook - Launching browser chrome-headless
21:33:16.513 [pool-1-thread-14] INFO  com.company.step_definitions.Hook - Launching browser chrome-headless
21:33:16.581 [pool-1-thread-26] INFO  com.company.step_definitions.Hook - Launching browser chrome-headless
21:33:16.644 [pool-1-thread-21] INFO  com.company.step_definitions.Hook - Launching browser chrome-headless
21:33:16.717 [pool-1-thread-20] INFO  com.company.step_definitions.Hook - Launching browser chrome-headless
21:33:21.137 [pool-1-thread-3] INFO  com.company.step_definitions.WindowsAuthentication - navigated the website
21:33:21.415 [pool-1-thread-2] INFO  com.company.step_definitions.WindowsAuthentication - navigated the website
21:33:22.257 [pool-1-thread-2] INFO  com.company.step_definitions.WindowsAuthentication - Basic auth element is displayed
21:33:27.127 [pool-1-thread-2] INFO  com.company.step_definitions.Hook - browser closed
21:33:27.135 [pool-1-thread-26] INFO  com.company.step_definitions.Hook - browser closed
21:33:27.135 [pool-1-thread-1] INFO  com.company.step_definitions.Hook - browser closed
21:33:30.243 [pool-1-thread-16] INFO  com.company.step_definitions.Hook - browser closed
21:33:30.507 [pool-1-thread-11] INFO  com.company.step_definitions.Hook - browser closed
21:33:30.953 [pool-1-thread-4] INFO  com.company.step_definitions.Hook - browser closed
21:33:31.016 [pool-1-thread-18] INFO  com.company.step_definitions.Hook - browser closed
21:33:31.294 [pool-1-thread-17] INFO  com.company.step_definitions.Hook - browser closed
21:33:31.831 [pool-1-thread-25] INFO  com.company.step_definitions.Hook - browser closed
21:33:31.923 [pool-1-thread-6] INFO  com.company.step_definitions.Hook - browser closed
21:33:32.023 [pool-1-thread-5] INFO  com.company.step_definitions.Hook - browser closed
21:33:32.095 [pool-1-thread-10] INFO  com.company.step_definitions.Hook - browser closed
21:33:32.127 [pool-1-thread-3] INFO  com.company.step_definitions.Hook - browser closed
21:33:32.394 [pool-1-thread-7] INFO  com.company.step_definitions.Hook - browser closed
21:33:32.583 [pool-1-thread-15] INFO  com.company.step_definitions.Hook - browser closed
21:33:32.610 [pool-1-thread-1] INFO  com.company.step_definitions.Hook - Launching browser chrome-headless
21:33:32.633 [pool-1-thread-13] INFO  com.company.step_definitions.Hook - browser closed
21:33:32.684 [pool-1-thread-14] INFO  com.company.step_definitions.Hook - browser closed
21:33:32.900 [pool-1-thread-20] INFO  com.company.step_definitions.Hook - browser closed
21:33:32.931 [pool-1-thread-8] INFO  com.company.step_definitions.Hook - browser closed
21:33:32.994 [pool-1-thread-12] INFO  com.company.step_definitions.Hook - browser closed
21:33:33.041 [pool-1-thread-19] INFO  com.company.step_definitions.Hook - browser closed
21:33:33.137 [pool-1-thread-24] INFO  com.company.step_definitions.Hook - browser closed
21:33:33.281 [pool-1-thread-23] INFO  com.company.step_definitions.Hook - browser closed
21:33:34.962 [pool-1-thread-9] INFO  com.company.step_definitions.Hook - browser closed
21:33:34.980 [pool-1-thread-18] INFO  com.company.step_definitions.Hook - Launching browser chrome-headless
21:33:36.303 [pool-1-thread-1] INFO  com.company.step_definitions.Hook - browser closed
21:33:36.630 [pool-1-thread-20] INFO  com.company.step_definitions.Hook - Launching browser chrome-headless
21:33:36.645 [pool-1-thread-15] INFO  com.company.step_definitions.Hook - Launching browser chrome-headless
21:33:36.795 [pool-1-thread-8] INFO  com.company.step_definitions.Hook - Launching browser chrome-headless
21:33:36.992 [pool-1-thread-19] INFO  com.company.step_definitions.Hook - Launching browser chrome-headless
21:33:37.718 [pool-1-thread-18] INFO  com.company.step_definitions.Hook - browser closed
21:33:40.454 [pool-1-thread-21] INFO  com.company.step_definitions.Hook - browser closed
21:33:41.339 [pool-1-thread-20] INFO  com.company.step_definitions.Hook - browser closed
21:33:41.854 [pool-1-thread-1] INFO  com.company.step_definitions.Hook - Launching browser chrome-headless
21:33:42.107 [pool-1-thread-8] INFO  com.company.step_definitions.Hook - browser closed
21:33:42.697 [pool-1-thread-15] INFO  com.company.step_definitions.Hook - browser closed
21:33:43.993 [pool-1-thread-1] INFO  com.company.step_definitions.Hook - browser closed
21:33:44.448 [pool-1-thread-20] INFO  com.company.step_definitions.Hook - Launching browser chrome-headless
21:33:46.620 [pool-1-thread-19] INFO  com.company.step_definitions.Hook - browser closed
21:33:46.776 [pool-1-thread-20] INFO  com.company.step_definitions.Hook - browser closed
21:33:47.135 [pool-1-thread-1] INFO  com.company.step_definitions.Hook - Launching browser chrome-headless
21:33:49.286 [pool-1-thread-1] INFO  com.company.step_definitions.Hook - browser closed
21:34:24.489 [pool-1-thread-22] INFO  com.company.step_definitions.Hook - browser closed
21:39:01.418 [main] INFO  com.company.step_definitions.Hook - Launching browser chrome-headless
21:39:06.989 [main] INFO  com.company.step_definitions.Hook - browser closed
21:39:10.173 [main] INFO  com.company.step_definitions.Hook - Launching browser chrome-headless
21:39:13.659 [main] INFO  com.company.step_definitions.Hook - browser closed
21:40:35.867 [main] INFO  com.company.step_definitions.Hook - Launching browser chrome-headless
21:40:41.404 [main] INFO  com.company.step_definitions.Hook - browser closed
21:40:44.517 [main] INFO  com.company.step_definitions.Hook - Launching browser chrome-headless
21:40:47.800 [main] INFO  com.company.step_definitions.Hook - browser closed
21:41:37.635 [main] INFO  com.company.step_definitions.Hook - Launching browser chrome
21:41:43.322 [main] INFO  com.company.step_definitions.Hook - browser closed
21:41:46.488 [main] INFO  com.company.step_definitions.Hook - Launching browser chrome
21:41:49.956 [main] INFO  com.company.step_definitions.Hook - browser closed
21:45:17.404 [main] INFO  com.company.step_definitions.Hook - Launching browser chrome
21:45:23.068 [main] INFO  com.company.step_definitions.Hook - browser closed
21:45:26.403 [main] INFO  com.company.step_definitions.Hook - Launching browser chrome
21:45:29.977 [main] INFO  com.company.step_definitions.Hook - browser closed
21:47:56.241 [main] INFO  com.company.step_definitions.Hook - Launching browser chrome
21:48:02.521 [main] INFO  com.company.step_definitions.Hook - browser closed
21:48:05.812 [main] INFO  com.company.step_definitions.Hook - Launching browser chrome
21:48:24.638 [main] INFO  com.company.step_definitions.Hook - browser closed
21:49:27.588 [main] INFO  com.company.step_definitions.Hook - Launching browser chrome
21:49:34.118 [main] INFO  com.company.step_definitions.Hook - browser closed
21:49:37.268 [main] INFO  com.company.step_definitions.Hook - Launching browser chrome
21:49:56.284 [main] INFO  com.company.step_definitions.Hook - browser closed
21:59:25.336 [main] INFO  com.company.step_definitions.Hook - Launching browser chrome
21:59:31.061 [main] INFO  com.company.step_definitions.Hook - browser closed
21:59:34.429 [main] INFO  com.company.step_definitions.Hook - Launching browser chrome
21:59:41.646 [main] INFO  com.company.step_definitions.Hook - browser closed
22:00:47.477 [main] INFO  com.company.step_definitions.Hook - Launching browser chrome
22:00:53.143 [main] INFO  com.company.step_definitions.Hook - browser closed
22:00:56.331 [main] INFO  com.company.step_definitions.Hook - Launching browser chrome
22:01:02.899 [main] INFO  com.company.step_definitions.Hook - browser closed
22:03:32.749 [main] INFO  com.company.step_definitions.Hook - Launching browser chrome
22:03:38.381 [main] INFO  com.company.step_definitions.Hook - browser closed
22:03:41.659 [main] INFO  com.company.step_definitions.Hook - Launching browser chrome
22:03:48.135 [main] INFO  com.company.step_definitions.Hook - browser closed
22:05:38.424 [main] INFO  com.company.step_definitions.Hook - Launching browser chrome
22:05:44.108 [main] INFO  com.company.step_definitions.Hook - browser closed
22:05:47.303 [main] INFO  com.company.step_definitions.Hook - Launching browser chrome
22:05:53.227 [main] INFO  com.company.step_definitions.Hook - browser closed
22:13:54.937 [main] INFO  com.company.step_definitions.Hook - Launching browser chrome
22:14:01.146 [main] INFO  com.company.step_definitions.Hook - browser closed
22:14:04.379 [main] INFO  com.company.step_definitions.Hook - Launching browser chrome
22:14:10.303 [main] INFO  com.company.step_definitions.Hook - browser closed
22:25:53.386 [main] INFO  com.company.step_definitions.Hook - Launching browser chrome
22:25:59.281 [main] INFO  com.company.step_definitions.Hook - browser closed
22:26:02.501 [main] INFO  com.company.step_definitions.Hook - Launching browser chrome
22:26:08.551 [main] INFO  com.company.step_definitions.Hook - browser closed
22:29:42.739 [main] INFO  com.company.step_definitions.Hook - Launching browser chrome
22:29:59.130 [main] INFO  com.company.step_definitions.Hook - Launching browser chrome
22:30:04.997 [main] INFO  com.company.step_definitions.Hook - browser closed
22:30:08.354 [main] INFO  com.company.step_definitions.Hook - Launching browser chrome
22:30:13.741 [main] INFO  com.company.utilities.BrowserUtils - Element not displayed 
22:30:13.779 [main] INFO  com.company.utilities.BrowserUtils - Element not displayed 
22:30:14.428 [main] INFO  com.company.step_definitions.Hook - browser closed
22:33:37.973 [pool-1-thread-8] INFO  com.company.step_definitions.Hook - Launching browser chrome
22:33:37.973 [pool-1-thread-14] INFO  com.company.step_definitions.Hook - Launching browser chrome
22:33:37.973 [pool-1-thread-26] INFO  com.company.step_definitions.Hook - Launching browser chrome
22:33:37.973 [pool-1-thread-22] INFO  com.company.step_definitions.Hook - Launching browser chrome
22:33:37.973 [pool-1-thread-7] INFO  com.company.step_definitions.Hook - Launching browser chrome
22:33:37.973 [pool-1-thread-18] INFO  com.company.step_definitions.Hook - Launching browser chrome
22:33:37.973 [pool-1-thread-23] INFO  com.company.step_definitions.Hook - Launching browser chrome
22:33:37.973 [pool-1-thread-19] INFO  com.company.step_definitions.Hook - Launching browser chrome
22:33:37.973 [pool-1-thread-3] INFO  com.company.step_definitions.Hook - Launching browser chrome
22:33:37.973 [pool-1-thread-6] INFO  com.company.step_definitions.Hook - Launching browser chrome
22:33:37.973 [pool-1-thread-2] INFO  com.company.step_definitions.Hook - Launching browser chrome
22:33:37.973 [pool-1-thread-10] INFO  com.company.step_definitions.Hook - Launching browser chrome
22:33:37.973 [pool-1-thread-15] INFO  com.company.step_definitions.Hook - Launching browser chrome
22:33:37.973 [pool-1-thread-11] INFO  com.company.step_definitions.Hook - Launching browser chrome
22:33:38.051 [pool-1-thread-17] INFO  com.company.step_definitions.Hook - Launching browser chrome
22:33:37.973 [pool-1-thread-9] INFO  com.company.step_definitions.Hook - Launching browser chrome
22:33:37.973 [pool-1-thread-16] INFO  com.company.step_definitions.Hook - Launching browser chrome
22:33:37.973 [pool-1-thread-5] INFO  com.company.step_definitions.Hook - Launching browser chrome
22:33:37.973 [pool-1-thread-1] INFO  com.company.step_definitions.Hook - Launching browser chrome
22:33:37.973 [pool-1-thread-24] INFO  com.company.step_definitions.Hook - Launching browser chrome
22:33:37.973 [pool-1-thread-13] INFO  com.company.step_definitions.Hook - Launching browser chrome
22:33:37.973 [pool-1-thread-25] INFO  com.company.step_definitions.Hook - Launching browser chrome
22:33:37.973 [pool-1-thread-12] INFO  com.company.step_definitions.Hook - Launching browser chrome
22:33:37.973 [pool-1-thread-20] INFO  com.company.step_definitions.Hook - Launching browser chrome
22:33:37.973 [pool-1-thread-21] INFO  com.company.step_definitions.Hook - Launching browser chrome
22:33:38.100 [pool-1-thread-4] INFO  com.company.step_definitions.Hook - Launching browser chrome
22:34:03.076 [pool-1-thread-2] INFO  com.company.step_definitions.WindowsAuthentication - navigated the website
22:34:24.044 [pool-1-thread-2] INFO  com.company.step_definitions.WindowsAuthentication - Basic auth element is displayed
22:34:29.978 [pool-1-thread-26] INFO  com.company.step_definitions.Hook - browser closed
22:34:30.055 [pool-1-thread-3] INFO  com.company.step_definitions.WindowsAuthentication - navigated the website
22:35:24.400 [pool-1-thread-1] INFO  com.company.step_definitions.Hook - browser closed
22:35:24.453 [pool-1-thread-2] INFO  com.company.step_definitions.Hook - browser closed
22:35:28.780 [pool-1-thread-19] INFO  com.company.step_definitions.Hook - Launching browser chrome
22:36:13.791 [pool-1-thread-13] INFO  com.company.step_definitions.Hook - browser closed
22:36:13.791 [pool-1-thread-20] INFO  com.company.step_definitions.Hook - browser closed
22:36:47.676 [pool-1-thread-7] INFO  com.company.step_definitions.Hook - browser closed
22:36:55.282 [pool-1-thread-4] INFO  com.company.step_definitions.Hook - browser closed
22:37:02.990 [pool-1-thread-20] INFO  com.company.step_definitions.Hook - Launching browser chrome
22:37:12.773 [pool-1-thread-18] INFO  com.company.step_definitions.Hook - browser closed
22:37:21.139 [pool-1-thread-11] INFO  com.company.step_definitions.Hook - browser closed
22:37:32.868 [pool-1-thread-18] INFO  com.company.step_definitions.Hook - Launching browser chrome
22:37:54.831 [pool-1-thread-25] INFO  com.company.step_definitions.Hook - browser closed
22:37:58.926 [pool-1-thread-16] INFO  com.company.step_definitions.Hook - browser closed
22:38:04.888 [pool-1-thread-5] INFO  com.company.step_definitions.Hook - browser closed
22:38:19.848 [pool-1-thread-18] INFO  com.company.step_definitions.Hook - browser closed
22:38:22.018 [pool-1-thread-1] INFO  com.company.step_definitions.Hook - browser closed
22:38:22.111 [pool-1-thread-10] INFO  com.company.step_definitions.Hook - browser closed
22:38:22.394 [pool-1-thread-21] INFO  com.company.step_definitions.Hook - browser closed
22:38:22.410 [pool-1-thread-23] INFO  com.company.step_definitions.Hook - browser closed
22:38:22.424 [pool-1-thread-3] INFO  com.company.step_definitions.Hook - browser closed
22:38:22.913 [pool-1-thread-24] INFO  com.company.step_definitions.Hook - browser closed
22:38:22.945 [pool-1-thread-15] INFO  com.company.step_definitions.Hook - browser closed
22:38:23.197 [pool-1-thread-8] INFO  com.company.step_definitions.Hook - browser closed
22:38:23.371 [pool-1-thread-9] INFO  com.company.step_definitions.Hook - browser closed
22:38:23.558 [pool-1-thread-20] INFO  com.company.step_definitions.Hook - browser closed
22:38:27.877 [pool-1-thread-1] INFO  com.company.step_definitions.Hook - Launching browser chrome
22:38:27.944 [pool-1-thread-15] INFO  com.company.step_definitions.Hook - Launching browser chrome
22:38:30.018 [pool-1-thread-8] INFO  com.company.step_definitions.Hook - Launching browser chrome
22:38:30.154 [pool-1-thread-20] INFO  com.company.step_definitions.Hook - Launching browser chrome
22:38:41.224 [pool-1-thread-20] INFO  com.company.step_definitions.Hook - browser closed
22:38:41.329 [pool-1-thread-8] INFO  com.company.utilities.BrowserUtils - Element not displayed 
22:38:41.442 [pool-1-thread-8] INFO  com.company.utilities.BrowserUtils - Element not displayed 
22:38:41.444 [pool-1-thread-1] INFO  com.company.step_definitions.Hook - browser closed
22:38:41.699 [pool-1-thread-15] INFO  com.company.step_definitions.Hook - browser closed
22:38:43.633 [pool-1-thread-8] INFO  com.company.step_definitions.Hook - browser closed
22:38:46.262 [pool-1-thread-1] INFO  com.company.step_definitions.Hook - Launching browser chrome
22:38:49.470 [pool-1-thread-1] INFO  com.company.step_definitions.Hook - browser closed
22:51:38.127 [pool-1-thread-6] INFO  com.company.step_definitions.Hook - browser closed
22:52:33.550 [pool-1-thread-20] INFO  com.company.step_definitions.Hook - Launching browser chrome-headless
22:52:33.582 [pool-1-thread-24] INFO  com.company.step_definitions.Hook - Launching browser chrome-headless
22:52:33.550 [pool-1-thread-22] INFO  com.company.step_definitions.Hook - Launching browser chrome-headless
22:52:33.550 [pool-1-thread-23] INFO  com.company.step_definitions.Hook - Launching browser chrome-headless
22:52:33.550 [pool-1-thread-2] INFO  com.company.step_definitions.Hook - Launching browser chrome-headless
22:52:33.550 [pool-1-thread-19] INFO  com.company.step_definitions.Hook - Launching browser chrome-headless
22:52:33.550 [pool-1-thread-7] INFO  com.company.step_definitions.Hook - Launching browser chrome-headless
22:52:33.610 [pool-1-thread-3] INFO  com.company.step_definitions.Hook - Launching browser chrome-headless
22:52:33.750 [pool-1-thread-6] INFO  com.company.step_definitions.Hook - Launching browser chrome-headless
22:52:33.950 [pool-1-thread-9] INFO  com.company.step_definitions.Hook - Launching browser chrome-headless
22:52:33.967 [pool-1-thread-18] INFO  com.company.step_definitions.Hook - Launching browser chrome-headless
22:52:34.073 [pool-1-thread-15] INFO  com.company.step_definitions.Hook - Launching browser chrome-headless
22:52:34.114 [pool-1-thread-12] INFO  com.company.step_definitions.Hook - Launching browser chrome-headless
22:52:34.152 [pool-1-thread-8] INFO  com.company.step_definitions.Hook - Launching browser chrome-headless
22:52:34.178 [pool-1-thread-5] INFO  com.company.step_definitions.Hook - Launching browser chrome-headless
22:52:34.196 [pool-1-thread-10] INFO  com.company.step_definitions.Hook - Launching browser chrome-headless
22:52:34.197 [pool-1-thread-13] INFO  com.company.step_definitions.Hook - Launching browser chrome-headless
22:52:34.298 [pool-1-thread-17] INFO  com.company.step_definitions.Hook - Launching browser chrome-headless
22:52:34.407 [pool-1-thread-1] INFO  com.company.step_definitions.Hook - Launching browser chrome-headless
22:52:34.427 [pool-1-thread-14] INFO  com.company.step_definitions.Hook - Launching browser chrome-headless
22:52:35.108 [pool-1-thread-26] INFO  com.company.step_definitions.Hook - Launching browser chrome-headless
22:52:35.181 [pool-1-thread-11] INFO  com.company.step_definitions.Hook - Launching browser chrome-headless
22:52:35.185 [pool-1-thread-21] INFO  com.company.step_definitions.Hook - Launching browser chrome-headless
22:52:35.609 [pool-1-thread-4] INFO  com.company.step_definitions.Hook - Launching browser chrome-headless
22:52:35.609 [pool-1-thread-25] INFO  com.company.step_definitions.Hook - Launching browser chrome-headless
22:52:35.631 [pool-1-thread-16] INFO  com.company.step_definitions.Hook - Launching browser chrome-headless
22:52:42.318 [pool-1-thread-2] INFO  com.company.step_definitions.WindowsAuthentication - navigated the website
22:52:43.009 [pool-1-thread-3] INFO  com.company.step_definitions.WindowsAuthentication - navigated the website
22:52:43.388 [pool-1-thread-2] INFO  com.company.step_definitions.WindowsAuthentication - Basic auth element is displayed
22:52:51.911 [pool-1-thread-3] INFO  com.company.step_definitions.Hook - browser closed
22:52:51.954 [pool-1-thread-19] INFO  com.company.step_definitions.Hook - browser closed
22:52:51.986 [pool-1-thread-5] INFO  com.company.step_definitions.Hook - browser closed
22:52:52.017 [pool-1-thread-20] INFO  com.company.step_definitions.Hook - browser closed
22:52:52.097 [pool-1-thread-16] INFO  com.company.step_definitions.Hook - browser closed
22:52:52.098 [pool-1-thread-4] INFO  com.company.step_definitions.Hook - browser closed
22:52:52.104 [pool-1-thread-2] INFO  com.company.step_definitions.Hook - browser closed
22:52:52.104 [pool-1-thread-18] INFO  com.company.step_definitions.Hook - browser closed
22:52:52.105 [pool-1-thread-26] INFO  com.company.step_definitions.Hook - browser closed
22:52:52.129 [pool-1-thread-12] INFO  com.company.step_definitions.Hook - browser closed
22:52:52.161 [pool-1-thread-6] INFO  com.company.step_definitions.Hook - browser closed
22:52:52.182 [pool-1-thread-10] INFO  com.company.step_definitions.Hook - browser closed
22:52:52.193 [pool-1-thread-7] INFO  com.company.step_definitions.Hook - browser closed
22:52:52.207 [pool-1-thread-13] INFO  com.company.step_definitions.Hook - browser closed
22:52:52.210 [pool-1-thread-11] INFO  com.company.step_definitions.Hook - browser closed
22:52:52.251 [pool-1-thread-1] INFO  com.company.step_definitions.Hook - browser closed
22:52:52.289 [pool-1-thread-17] INFO  com.company.step_definitions.Hook - browser closed
22:52:52.335 [pool-1-thread-25] INFO  com.company.step_definitions.Hook - browser closed
22:52:52.383 [pool-1-thread-15] INFO  com.company.step_definitions.Hook - browser closed
22:52:52.398 [pool-1-thread-14] INFO  com.company.step_definitions.Hook - browser closed
22:52:53.279 [pool-1-thread-24] INFO  com.company.step_definitions.Hook - browser closed
22:52:53.658 [pool-1-thread-23] INFO  com.company.step_definitions.Hook - browser closed
22:52:54.925 [pool-1-thread-8] INFO  com.company.step_definitions.Hook - browser closed
22:52:56.131 [pool-1-thread-9] INFO  com.company.step_definitions.Hook - browser closed
22:52:56.862 [pool-1-thread-15] INFO  com.company.step_definitions.Hook - Launching browser chrome-headless
22:52:56.868 [pool-1-thread-20] INFO  com.company.step_definitions.Hook - Launching browser chrome-headless
22:52:56.880 [pool-1-thread-18] INFO  com.company.step_definitions.Hook - Launching browser chrome-headless
22:52:57.133 [pool-1-thread-1] INFO  com.company.step_definitions.Hook - Launching browser chrome-headless
22:52:57.186 [pool-1-thread-19] INFO  com.company.step_definitions.Hook - Launching browser chrome-headless
22:52:58.345 [pool-1-thread-21] INFO  com.company.step_definitions.Hook - browser closed
22:52:58.636 [pool-1-thread-8] INFO  com.company.step_definitions.Hook - Launching browser chrome-headless
22:52:59.966 [pool-1-thread-1] INFO  com.company.step_definitions.Hook - browser closed
22:53:00.460 [pool-1-thread-18] INFO  com.company.step_definitions.Hook - browser closed
22:53:01.742 [pool-1-thread-20] INFO  com.company.step_definitions.Hook - browser closed
22:53:02.687 [pool-1-thread-15] INFO  com.company.step_definitions.Hook - browser closed
22:53:03.867 [pool-1-thread-1] INFO  com.company.step_definitions.Hook - Launching browser chrome-headless
22:53:05.305 [pool-1-thread-8] INFO  com.company.utilities.BrowserUtils - Element not displayed 
22:53:05.346 [pool-1-thread-8] INFO  com.company.utilities.BrowserUtils - Element not displayed 
22:53:05.483 [pool-1-thread-20] INFO  com.company.step_definitions.Hook - Launching browser chrome-headless
22:53:05.957 [pool-1-thread-8] INFO  com.company.step_definitions.Hook - browser closed
22:53:06.038 [pool-1-thread-19] INFO  com.company.step_definitions.Hook - browser closed
22:53:06.181 [pool-1-thread-1] INFO  com.company.step_definitions.Hook - browser closed
22:53:07.865 [pool-1-thread-22] INFO  com.company.step_definitions.Hook - browser closed
22:53:08.005 [pool-1-thread-20] INFO  com.company.step_definitions.Hook - browser closed
22:53:09.450 [pool-1-thread-1] INFO  com.company.step_definitions.Hook - Launching browser chrome-headless
22:53:13.130 [pool-1-thread-1] INFO  com.company.step_definitions.Hook - browser closed
23:51:06.122 [pool-1-thread-1] INFO  com.company.step_definitions.Hook - Launching browser chrome-headless
23:51:10.027 [pool-1-thread-1] INFO  com.company.step_definitions.Hook - browser closed
23:55:34.762 [pool-1-thread-1] INFO  com.company.step_definitions.Hook - Launching browser chrome-headless
23:55:36.988 [pool-1-thread-1] INFO  com.company.step_definitions.Hook - browser closed
23:57:10.796 [pool-1-thread-1] INFO  com.company.step_definitions.Hook - Launching browser chrome-headless
23:57:12.641 [pool-1-thread-1] INFO  com.company.step_definitions.Hook - browser closed
