12:28:10.055 [main] INFO  com.company.step_definitions.Hook - Launching browser chrome-headless
12:30:49.761 [main] INFO  com.company.step_definitions.Hook - Launching browser chrome-headless
12:32:55.922 [main] INFO  com.company.step_definitions.Hook - browser closed
12:37:13.632 [main] INFO  com.company.step_definitions.Hook - Launching browser chrome-headless
12:39:11.828 [main] INFO  com.company.step_definitions.Hook - browser closed
12:40:33.590 [main] INFO  com.company.step_definitions.Hook - Launching browser chrome-headless
12:42:16.454 [main] INFO  com.company.step_definitions.Hook - browser closed
12:43:21.756 [main] INFO  com.company.step_definitions.Hook - Launching browser chrome-headless
12:43:29.182 [main] INFO  com.company.step_definitions.Hook - browser closed
12:44:04.617 [main] INFO  com.company.step_definitions.Hook - Launching browser chrome-headless
12:44:11.960 [main] INFO  com.company.step_definitions.Hook - browser closed
12:45:00.626 [main] INFO  com.company.step_definitions.Hook - Launching browser chrome-headless
12:45:38.262 [main] INFO  com.company.step_definitions.Hook - browser closed
12:46:25.866 [main] INFO  com.company.step_definitions.Hook - Launching browser chrome-headless
12:46:32.185 [main] INFO  com.company.step_definitions.Hook - browser closed
12:50:16.207 [main] INFO  com.company.step_definitions.Hook - Launching browser chrome-headless
12:50:23.899 [main] INFO  com.company.step_definitions.Hook - browser closed
12:50:55.132 [main] INFO  com.company.step_definitions.Hook - Launching browser chrome-headless
12:51:03.758 [main] INFO  com.company.step_definitions.Hook - browser closed
12:53:51.582 [main] INFO  com.company.step_definitions.Hook - Launching browser chrome-headless
12:54:08.961 [main] INFO  com.company.step_definitions.Hook - browser closed
12:54:50.026 [main] INFO  com.company.step_definitions.Hook - Launching browser chrome-headless
12:59:19.111 [main] INFO  com.company.step_definitions.Hook - Launching browser chrome-headless
13:00:04.899 [main] INFO  com.company.step_definitions.Hook - browser closed
13:00:41.184 [main] INFO  com.company.step_definitions.Hook - Launching browser chrome-headless
13:07:47.907 [main] INFO  com.company.step_definitions.Hook - browser closed
13:15:45.984 [main] INFO  com.company.step_definitions.Hook - Launching browser chrome-headless
14:54:19.514 [main] INFO  com.company.step_definitions.Hook - Launching browser chrome-headless
14:56:38.789 [main] INFO  com.company.step_definitions.Hook - Launching browser chrome-headless
14:59:50.017 [main] INFO  com.company.step_definitions.Hook - browser closed
15:04:16.128 [main] INFO  com.company.step_definitions.Hook - Launching browser chrome-headless
15:04:21.105 [main] INFO  com.company.utilities.JSUtil - https://support.google.com/websearch/answer/181196?hl=en-IN - OK
15:04:21.623 [main] INFO  com.company.utilities.JSUtil - https://www.google.co.in/intl/en/about/products?tab=wh - OK
15:04:21.900 [main] INFO  com.company.utilities.JSUtil - https://accounts.google.com/ServiceLogin?hl=en&passive=true&continue=https://www.google.com/search%3Fq%3Daw%26rlz%3D1C1GCEA_enIN914IN914%26oq%3Daw%26aqs%3Dchrome..69i57j69i59l2j69i60l5.3364j0j7%26sourceid%3Dchrome%26ie%3DUTF-8&ec=%0000000 - OK
15:04:22.141 [main] INFO  com.company.utilities.JSUtil - https://www.google.com/webhp?hl=en&sa=X&ved=0ahUKEwj0zb6H_6vrAhVFyzgGHbiiDJcQPAgH - OK
15:04:27.616 [main] INFO  com.company.utilities.JSUtil - https://maps.google.com/maps?q=aw&rlz=1C1GCEA_enIN914IN914&um=1&ie=UTF-8&sa=X&ved=2ahUKEwj0zb6H_6vrAhVFyzgGHbiiDJcQ_AUoAnoECB8QBA - OK
15:04:32.573 [main] INFO  com.company.utilities.JSUtil - https://www.google.com/flights?q=aw&rlz=1C1GCEA_enIN914IN914&source=lnms&tbm=flm&sa=X&ved=2ahUKEwj0zb6H_6vrAhVFyzgGHbiiDJcQ_AUoAnoECB8QCg - OK
15:04:33.907 [main] INFO  com.company.utilities.JSUtil - https://www.google.com/preferences - OK
15:04:34.091 [main] INFO  com.company.utilities.JSUtil - https://www.google.com/preferences?hl=en&prev=https://www.google.com/search?q%3Daw%26rlz%3D1C1GCEA_enIN914IN914%26oq%3Daw%26aqs%3Dchrome..69i57j69i59l2j69i60l5.3364j0j7%26sourceid%3Dchrome%26ie%3DUTF-8 - OK
15:04:34.263 [main] INFO  com.company.utilities.JSUtil - https://www.google.com/preferences?hl=en&prev=https://www.google.com/search?q%3Daw%26rlz%3D1C1GCEA_enIN914IN914%26oq%3Daw%26aqs%3Dchrome..69i57j69i59l2j69i60l5.3364j0j7%26sourceid%3Dchrome%26ie%3DUTF-8#languages - OK
15:04:34.562 [main] INFO  com.company.utilities.JSUtil - https://www.google.com/setprefs?safeui=on&sig=0_P29MEoDgq6sQ4-2hq184RFLr4Hs%3D&prev=https://www.google.com/search?q%3Daw%26rlz%3D1C1GCEA_enIN914IN914%26oq%3Daw%26aqs%3Dchrome..69i57j69i59l2j69i60l5.3364j0j7%26sourceid%3Dchrome%26ie%3DUTF-8 - OK
15:04:34.717 [main] INFO  com.company.utilities.JSUtil - https://www.google.com/advanced_search?q=aw&rlz=1C1GCEA_enIN914IN914&hl=en - OK
15:04:36.245 [main] INFO  com.company.utilities.JSUtil - https://www.google.com/history/optout?hl=en - OK
15:04:37.022 [main] INFO  com.company.utilities.JSUtil - https://www.google.com/history/privacyadvisor/search/unauth?utm_source=googlemenu - OK
15:04:37.333 [main] INFO  com.company.utilities.JSUtil - https://support.google.com/websearch/?source=g&hl=en-IN - OK
15:04:44.889 [main] INFO  com.company.utilities.JSUtil - https://en.wiktionary.org/wiki/aw - OK
15:04:48.823 [main] INFO  com.company.utilities.JSUtil - https://en.wiktionary.org/wiki/aw#English - OK
15:04:49.081 [main] INFO  com.company.utilities.JSUtil - https://en.wiktionary.org/wiki/aw#Cebuano - OK
15:04:49.339 [main] INFO  com.company.utilities.JSUtil - https://en.wiktionary.org/wiki/aw#Central_Kurdish - OK
15:04:49.591 [main] INFO  com.company.utilities.JSUtil - https://en.wiktionary.org/wiki/aw#Manx - OK
15:04:49.861 [main] INFO  com.company.utilities.JSUtil - https://www.youtube.com/watch?v=ZgVd6weOR6M - OK
15:04:50.020 [main] INFO  com.company.utilities.JSUtil - https://www.youtube.com/watch?v=jnj9wX-hMMY - OK
15:04:50.196 [main] INFO  com.company.utilities.JSUtil - https://www.youtube.com/watch?v=wy4y3zx7lO4 - OK
15:04:50.367 [main] INFO  com.company.utilities.JSUtil - https://www.youtube.com/watch?v=-8CaLur5edw - OK
15:04:50.530 [main] INFO  com.company.utilities.JSUtil - https://www.youtube.com/watch?v=TGTeKMwY08g - OK
15:04:50.704 [main] INFO  com.company.utilities.JSUtil - https://www.youtube.com/watch?v=QaWF8AOy5Ys - OK
15:04:50.881 [main] INFO  com.company.utilities.JSUtil - https://www.youtube.com/watch?v=ov-hParMaR0 - OK
15:04:51.046 [main] INFO  com.company.utilities.JSUtil - https://www.youtube.com/watch?v=2EnrFv6pO04 - OK
15:04:51.214 [main] INFO  com.company.utilities.JSUtil - https://www.youtube.com/watch?v=Hq-8CyYr0hg - OK
15:04:51.384 [main] INFO  com.company.utilities.JSUtil - https://www.youtube.com/watch?v=pfPrkxpJZmo - OK
15:04:51.461 [main] INFO  com.company.utilities.JSUtil - https://www.merriam-webster.com/dictionary/aw - OK
15:05:12.386 [main] INFO  com.company.utilities.JSUtil - https://1word.ws/aw - OK
15:05:16.999 [main] INFO  com.company.utilities.JSUtil - https://blog.esllibrary.com/2016/03/24/aw-vs-awe/ - OK
15:05:22.461 [main] INFO  com.company.utilities.JSUtil - https://whatis.techtarget.com/feature/The-difference-between-aw-and-awe - OK
15:05:40.227 [main] INFO  com.company.utilities.JSUtil - https://www.dictionary.com/browse/aw - OK
15:05:43.473 [main] INFO  com.company.utilities.JSUtil - https://www.lexico.com/definition/aw - OK
15:05:46.100 [main] INFO  com.company.utilities.JSUtil - https://en.wikipedia.org/wiki/AW - OK
15:05:55.609 [main] INFO  com.company.utilities.JSUtil - https://aw.tdsb.on.ca/ - OK
15:06:21.172 [main] INFO  com.company.utilities.JSUtil - https://dictionary.cambridge.org/dictionary/english/aw - OK
15:06:38.341 [main] INFO  com.company.utilities.JSUtil - https://www.google.com/aclk?sa=l&ai=DChcSEwjblsmH_6vrAhUOrpYKHeoxDf4YABAHGgJ0bA&sig=AOD64_2I0Wq59MLk-ZWtNngYQxP7K1K5mA&ctype=5&rct=j&q=&ved=2ahUKEwj0zb6H_6vrAhVFyzgGHbiiDJcQ5bgDegQIHxBJ&adurl= - OK
15:06:38.420 [main] INFO  com.company.utilities.JSUtil - https://www.adobe.com/in/products/photoshop/pricing-info.html?sdid=8WLD55WJ&mv=search - OK
15:06:38.536 [main] INFO  com.company.utilities.JSUtil - https://www.google.com/aclk?sa=l&ai=DChcSEwjblsmH_6vrAhUOrpYKHeoxDf4YABAHGgJ0bA&sig=AOD64_2I0Wq59MLk-ZWtNngYQxP7K1K5mA&adurl=&ctype=5&rct=j&q= - OK
15:06:38.583 [main] INFO  com.company.utilities.JSUtil - https://www.adobe.com/in/products/photoshop/pricing-info.html?sdid=8WLD55WJ&mv=search - OK
15:06:38.698 [main] INFO  com.company.utilities.JSUtil - https://www.google.com/aclk?sa=l&ai=DChcSEwjblsmH_6vrAhUOrpYKHeoxDf4YABAHGgJ0bA&sig=AOD64_2I0Wq59MLk-ZWtNngYQxP7K1K5mA&ctype=5&rct=j&q=&ved=2ahUKEwj0zb6H_6vrAhVFyzgGHbiiDJcQ8w56BAgfEEo&adurl= - OK
15:06:38.747 [main] INFO  com.company.utilities.JSUtil - https://www.adobe.com/in/products/photoshop/pricing-info.html?sdid=8WLD55WJ&mv=search - OK
15:06:38.866 [main] INFO  com.company.utilities.JSUtil - https://www.google.com/aclk?sa=l&ai=DChcSEwjblsmH_6vrAhUOrpYKHeoxDf4YABAHGgJ0bA&sig=AOD64_2I0Wq59MLk-ZWtNngYQxP7K1K5mA&ctype=5&rct=j&q=&ved=2ahUKEwj0zb6H_6vrAhVFyzgGHbiiDJcQ9A56BAgfEEs&adurl= - OK
15:06:38.910 [main] INFO  com.company.utilities.JSUtil - https://www.adobe.com/in/products/photoshop/pricing-info.html?sdid=8WLD55WJ&mv=search - OK
15:06:39.037 [main] INFO  com.company.utilities.JSUtil - https://www.google.com/aclk?sa=l&ai=DChcSEwjblsmH_6vrAhUOrpYKHeoxDf4YABAHGgJ0bA&sig=AOD64_2I0Wq59MLk-ZWtNngYQxP7K1K5mA&ctype=5&rct=j&q=&ved=2ahUKEwj0zb6H_6vrAhVFyzgGHbiiDJcQ9aACegQIHxBO&adurl= - OK
15:06:39.086 [main] INFO  com.company.utilities.JSUtil - https://www.adobe.com/in/products/photoshop/pricing-info.html?sdid=8WLD55WJ&mv=search - OK
15:06:39.205 [main] INFO  com.company.utilities.JSUtil - https://www.google.com/aclk?sa=l&ai=DChcSEwjblsmH_6vrAhUOrpYKHeoxDf4YABAGGgJ0bA&sig=AOD64_1zQByOZL-T8kzLkN3LYmuQ3On8Wg&ctype=5&rct=j&q=&ved=2ahUKEwj0zb6H_6vrAhVFyzgGHbiiDJcQ5bgDegQIHxBQ&adurl= - OK
15:06:40.704 [main] INFO  com.company.utilities.JSUtil - https://thewhitewillow.in/products/large-charcoal-wedge-pilow?variant=31248226254985&currency=INR&utm_medium=product_sync&utm_source=google&utm_content=sag_organic&utm_campaign=sag_organic - OK
15:06:40.835 [main] INFO  com.company.utilities.JSUtil - https://www.google.com/aclk?sa=l&ai=DChcSEwjblsmH_6vrAhUOrpYKHeoxDf4YABAGGgJ0bA&sig=AOD64_1zQByOZL-T8kzLkN3LYmuQ3On8Wg&adurl=&ctype=5&rct=j&q= - OK
15:06:41.264 [main] INFO  com.company.utilities.JSUtil - https://thewhitewillow.in/products/large-charcoal-wedge-pilow?variant=31248226254985&currency=INR&utm_medium=product_sync&utm_source=google&utm_content=sag_organic&utm_campaign=sag_organic - OK
15:06:41.377 [main] INFO  com.company.utilities.JSUtil - https://www.google.com/aclk?sa=l&ai=DChcSEwjblsmH_6vrAhUOrpYKHeoxDf4YABAGGgJ0bA&sig=AOD64_1zQByOZL-T8kzLkN3LYmuQ3On8Wg&ctype=5&rct=j&q=&ved=2ahUKEwj0zb6H_6vrAhVFyzgGHbiiDJcQ8w56BAgfEFE&adurl= - OK
15:06:41.841 [main] INFO  com.company.utilities.JSUtil - https://thewhitewillow.in/products/large-charcoal-wedge-pilow?variant=31248226254985&currency=INR&utm_medium=product_sync&utm_source=google&utm_content=sag_organic&utm_campaign=sag_organic - OK
15:06:41.953 [main] INFO  com.company.utilities.JSUtil - https://www.google.com/aclk?sa=l&ai=DChcSEwjblsmH_6vrAhUOrpYKHeoxDf4YABAGGgJ0bA&sig=AOD64_1zQByOZL-T8kzLkN3LYmuQ3On8Wg&ctype=5&rct=j&q=&ved=2ahUKEwj0zb6H_6vrAhVFyzgGHbiiDJcQ9A56BAgfEFI&adurl= - OK
15:06:42.371 [main] INFO  com.company.utilities.JSUtil - https://thewhitewillow.in/products/large-charcoal-wedge-pilow?variant=31248226254985&currency=INR&utm_medium=product_sync&utm_source=google&utm_content=sag_organic&utm_campaign=sag_organic - OK
15:06:43.643 [main] INFO  com.company.utilities.JSUtil - https://www.google.com/aclk?sa=l&ai=DChcSEwjblsmH_6vrAhUOrpYKHeoxDf4YABAGGgJ0bA&sig=AOD64_1zQByOZL-T8kzLkN3LYmuQ3On8Wg&ctype=5&rct=j&q=&ved=2ahUKEwj0zb6H_6vrAhVFyzgGHbiiDJcQ9aACegQIHxBc&adurl= - OK
15:06:44.012 [main] INFO  com.company.utilities.JSUtil - https://thewhitewillow.in/products/large-charcoal-wedge-pilow?variant=31248226254985&currency=INR&utm_medium=product_sync&utm_source=google&utm_content=sag_organic&utm_campaign=sag_organic - OK
15:06:44.152 [main] INFO  com.company.utilities.JSUtil - https://www.google.com/aclk?sa=l&ai=DChcSEwjblsmH_6vrAhUOrpYKHeoxDf4YABAFGgJ0bA&sig=AOD64_3dGkSfDHBDvfyh6NARYmIYvHEVmg&ctype=5&rct=j&q=&ved=2ahUKEwj0zb6H_6vrAhVFyzgGHbiiDJcQ5bgDegQIHxBm&adurl= - OK
15:06:45.055 [main] INFO  com.company.utilities.JSUtil - https://www.google.com/aclk?sa=l&ai=DChcSEwjblsmH_6vrAhUOrpYKHeoxDf4YABAFGgJ0bA&sig=AOD64_3dGkSfDHBDvfyh6NARYmIYvHEVmg&adurl=&ctype=5&rct=j&q= - OK
15:06:45.683 [main] INFO  com.company.utilities.JSUtil - https://www.google.com/aclk?sa=l&ai=DChcSEwjblsmH_6vrAhUOrpYKHeoxDf4YABAFGgJ0bA&sig=AOD64_3dGkSfDHBDvfyh6NARYmIYvHEVmg&ctype=5&rct=j&q=&ved=2ahUKEwj0zb6H_6vrAhVFyzgGHbiiDJcQ8w56BAgfEGc&adurl= - OK
15:06:46.296 [main] INFO  com.company.utilities.JSUtil - https://www.google.com/aclk?sa=l&ai=DChcSEwjblsmH_6vrAhUOrpYKHeoxDf4YABAFGgJ0bA&sig=AOD64_3dGkSfDHBDvfyh6NARYmIYvHEVmg&ctype=5&rct=j&q=&ved=2ahUKEwj0zb6H_6vrAhVFyzgGHbiiDJcQ9A56BAgfEGg&adurl= - OK
15:06:46.934 [main] INFO  com.company.utilities.JSUtil - https://www.google.com/aclk?sa=l&ai=DChcSEwjblsmH_6vrAhUOrpYKHeoxDf4YABAFGgJ0bA&sig=AOD64_3dGkSfDHBDvfyh6NARYmIYvHEVmg&ctype=5&rct=j&q=&ved=2ahUKEwj0zb6H_6vrAhVFyzgGHbiiDJcQ9aACegQIHxBr&adurl= - OK
15:06:47.577 [main] INFO  com.company.utilities.JSUtil - https://www.google.com/aclk?sa=l&ai=DChcSEwjblsmH_6vrAhUOrpYKHeoxDf4YABAEGgJ0bA&sig=AOD64_0FfnKx1Jw8oyvP7WWwyQ1ONb-eSA&ctype=5&rct=j&q=&ved=2ahUKEwj0zb6H_6vrAhVFyzgGHbiiDJcQ5bgDegQIHxBt&adurl= - OK
15:06:47.960 [main] INFO  com.company.utilities.JSUtil - https://www.google.com/aclk?sa=l&ai=DChcSEwjblsmH_6vrAhUOrpYKHeoxDf4YABAEGgJ0bA&sig=AOD64_0FfnKx1Jw8oyvP7WWwyQ1ONb-eSA&adurl=&ctype=5&rct=j&q= - OK
15:06:48.279 [main] INFO  com.company.utilities.JSUtil - https://www.google.com/aclk?sa=l&ai=DChcSEwjblsmH_6vrAhUOrpYKHeoxDf4YABAEGgJ0bA&sig=AOD64_0FfnKx1Jw8oyvP7WWwyQ1ONb-eSA&ctype=5&rct=j&q=&ved=2ahUKEwj0zb6H_6vrAhVFyzgGHbiiDJcQ8w56BAgfEG4&adurl= - OK
15:06:48.549 [main] INFO  com.company.utilities.JSUtil - https://www.google.com/aclk?sa=l&ai=DChcSEwjblsmH_6vrAhUOrpYKHeoxDf4YABAEGgJ0bA&sig=AOD64_0FfnKx1Jw8oyvP7WWwyQ1ONb-eSA&ctype=5&rct=j&q=&ved=2ahUKEwj0zb6H_6vrAhVFyzgGHbiiDJcQ9A56BAgfEG8&adurl= - OK
15:06:48.822 [main] INFO  com.company.utilities.JSUtil - https://www.google.com/aclk?sa=l&ai=DChcSEwjblsmH_6vrAhUOrpYKHeoxDf4YABAEGgJ0bA&sig=AOD64_0FfnKx1Jw8oyvP7WWwyQ1ONb-eSA&ctype=5&rct=j&q=&ved=2ahUKEwj0zb6H_6vrAhVFyzgGHbiiDJcQ9aACegQIHxBx&adurl= - OK
15:06:49.117 [main] INFO  com.company.utilities.JSUtil - https://www.google.com/aclk?sa=l&ai=DChcSEwjblsmH_6vrAhUOrpYKHeoxDf4YABAMGgJ0bA&sig=AOD64_03QEz2cpg_047LUempo9IptQmLWQ&ctype=5&rct=j&q=&ved=2ahUKEwj0zb6H_6vrAhVFyzgGHbiiDJcQ5bgDegQIHxBz&adurl= - OK
15:06:49.163 [main] INFO  com.company.utilities.JSUtil - https://www.adobe.com/in/products/photoshop-lightroom/pricing-info.html?sdid=8WLD55WJ&mv=search - OK
15:06:49.277 [main] INFO  com.company.utilities.JSUtil - https://www.google.com/aclk?sa=l&ai=DChcSEwjblsmH_6vrAhUOrpYKHeoxDf4YABAMGgJ0bA&sig=AOD64_03QEz2cpg_047LUempo9IptQmLWQ&adurl=&ctype=5&rct=j&q= - OK
15:06:49.320 [main] INFO  com.company.utilities.JSUtil - https://www.adobe.com/in/products/photoshop-lightroom/pricing-info.html?sdid=8WLD55WJ&mv=search - OK
15:06:49.435 [main] INFO  com.company.utilities.JSUtil - https://www.google.com/aclk?sa=l&ai=DChcSEwjblsmH_6vrAhUOrpYKHeoxDf4YABAMGgJ0bA&sig=AOD64_03QEz2cpg_047LUempo9IptQmLWQ&ctype=5&rct=j&q=&ved=2ahUKEwj0zb6H_6vrAhVFyzgGHbiiDJcQ8w56BAgfEHQ&adurl= - OK
15:06:49.481 [main] INFO  com.company.utilities.JSUtil - https://www.adobe.com/in/products/photoshop-lightroom/pricing-info.html?sdid=8WLD55WJ&mv=search - OK
15:06:49.595 [main] INFO  com.company.utilities.JSUtil - https://www.google.com/aclk?sa=l&ai=DChcSEwjblsmH_6vrAhUOrpYKHeoxDf4YABAMGgJ0bA&sig=AOD64_03QEz2cpg_047LUempo9IptQmLWQ&ctype=5&rct=j&q=&ved=2ahUKEwj0zb6H_6vrAhVFyzgGHbiiDJcQ9A56BAgfEHU&adurl= - OK
15:06:49.641 [main] INFO  com.company.utilities.JSUtil - https://www.adobe.com/in/products/photoshop-lightroom/pricing-info.html?sdid=8WLD55WJ&mv=search - OK
15:06:49.753 [main] INFO  com.company.utilities.JSUtil - https://www.google.com/aclk?sa=l&ai=DChcSEwjblsmH_6vrAhUOrpYKHeoxDf4YABAMGgJ0bA&sig=AOD64_03QEz2cpg_047LUempo9IptQmLWQ&ctype=5&rct=j&q=&ved=2ahUKEwj0zb6H_6vrAhVFyzgGHbiiDJcQ9aACegQIHxB4&adurl= - OK
15:06:49.797 [main] INFO  com.company.utilities.JSUtil - https://www.adobe.com/in/products/photoshop-lightroom/pricing-info.html?sdid=8WLD55WJ&mv=search - OK
15:06:49.910 [main] INFO  com.company.utilities.JSUtil - https://www.google.com/aclk?sa=l&ai=DChcSEwjblsmH_6vrAhUOrpYKHeoxDf4YABALGgJ0bA&sig=AOD64_1rV7WzYhA6UfNZHa4w66b3GFI8uA&ctype=5&rct=j&q=&ved=2ahUKEwj0zb6H_6vrAhVFyzgGHbiiDJcQ5bgDegQIHxB6&adurl= - OK
15:06:50.316 [main] INFO  com.company.utilities.JSUtil - https://vaya.in/preserve-lunch-kit/preserve-500ml-graphite-with-gochamp-panda/PR00050B101 - OK
15:06:50.430 [main] INFO  com.company.utilities.JSUtil - https://www.google.com/aclk?sa=l&ai=DChcSEwjblsmH_6vrAhUOrpYKHeoxDf4YABALGgJ0bA&sig=AOD64_1rV7WzYhA6UfNZHa4w66b3GFI8uA&adurl=&ctype=5&rct=j&q= - OK
15:06:50.725 [main] INFO  com.company.utilities.JSUtil - https://vaya.in/preserve-lunch-kit/preserve-500ml-graphite-with-gochamp-panda/PR00050B101 - OK
15:06:50.836 [main] INFO  com.company.utilities.JSUtil - https://www.google.com/aclk?sa=l&ai=DChcSEwjblsmH_6vrAhUOrpYKHeoxDf4YABALGgJ0bA&sig=AOD64_1rV7WzYhA6UfNZHa4w66b3GFI8uA&ctype=5&rct=j&q=&ved=2ahUKEwj0zb6H_6vrAhVFyzgGHbiiDJcQ8w56BAgfEHs&adurl= - OK
15:06:51.174 [main] INFO  com.company.utilities.JSUtil - https://vaya.in/preserve-lunch-kit/preserve-500ml-graphite-with-gochamp-panda/PR00050B101 - OK
15:06:51.291 [main] INFO  com.company.utilities.JSUtil - https://www.google.com/aclk?sa=l&ai=DChcSEwjblsmH_6vrAhUOrpYKHeoxDf4YABALGgJ0bA&sig=AOD64_1rV7WzYhA6UfNZHa4w66b3GFI8uA&ctype=5&rct=j&q=&ved=2ahUKEwj0zb6H_6vrAhVFyzgGHbiiDJcQ9A56BAgfEHw&adurl= - OK
15:06:51.604 [main] INFO  com.company.utilities.JSUtil - https://vaya.in/preserve-lunch-kit/preserve-500ml-graphite-with-gochamp-panda/PR00050B101 - OK
15:06:51.719 [main] INFO  com.company.utilities.JSUtil - https://www.google.com/aclk?sa=l&ai=DChcSEwjblsmH_6vrAhUOrpYKHeoxDf4YABALGgJ0bA&sig=AOD64_1rV7WzYhA6UfNZHa4w66b3GFI8uA&ctype=5&rct=j&q=&ved=2ahUKEwj0zb6H_6vrAhVFyzgGHbiiDJcQ9aACegQIHxB_&adurl= - OK
15:06:52.011 [main] INFO  com.company.utilities.JSUtil - https://vaya.in/preserve-lunch-kit/preserve-500ml-graphite-with-gochamp-panda/PR00050B101 - OK
15:06:55.315 [main] INFO  com.company.utilities.JSUtil - https://www.youtube.com/playlist?playnext=1&list=PLMRnVr8vdm2vODcH_6T9tFFgyaZ5EIs-y&feature=gws_kp_artist - OK
15:06:55.538 [main] INFO  com.company.utilities.JSUtil - https://open.spotify.com/artist/2sUZIZiGvaHEFvLffJUwaP?autoplay=true - OK
15:06:55.845 [main] INFO  com.company.utilities.JSUtil - https://music.youtube.com/channel/UC2-VBVjHsvnQ2Cc-4wBSEYg?feature=gws_kp_artist&feature=gws_kp_artist - OK
15:06:56.200 [main] INFO  com.company.utilities.JSUtil - https://gaana.com/artist/allison-weiss?autoplay=true - OK
15:06:57.033 [main] INFO  com.company.utilities.JSUtil - https://www.jiosaavn.com/radio/English-artist-station/John-Allison-Weiss/VniritlJfys_?autoplay=enabled - OK
15:06:57.350 [main] INFO  com.company.utilities.JSUtil - https://www.hungama.com/artist/a-w/272639074/?autoplay=true - OK
15:06:57.636 [main] INFO  com.company.utilities.JSUtil - https://en.wikipedia.org/wiki/A.W._(musician) - OK
15:07:27.657 [main] INFO  com.company.utilities.JSUtil - https://myspace.com/allisonweiss - OK
15:07:29.120 [main] INFO  com.company.utilities.JSUtil - https://www.instagram.com/listentoaw/ - OK
15:07:29.963 [main] INFO  com.company.utilities.JSUtil - https://www.facebook.com/listentoaw/ - OK
15:07:30.795 [main] INFO  com.company.utilities.JSUtil - https://www.youtube.com/channel/UC1fp11O0XZLe8IkH_T8-c1w - OK
15:07:31.348 [main] INFO  com.company.utilities.JSUtil - https://twitter.com/allisonweiss - OK
15:07:45.106 [main] INFO  com.company.utilities.JSUtil - https://posts.google.com/claim/?mid=/m/0dqp4w4 - OK
15:07:48.651 [main] INFO  com.company.utilities.JSUtil - https://support.google.com/websearch?p=ws_settings_location&hl=en-IN - OK
15:07:49.376 [main] INFO  com.company.utilities.JSUtil - https://support.google.com/websearch/?p=ws_results_help&hl=en-IN&fg=1 - OK
15:07:53.394 [main] INFO  com.company.utilities.JSUtil - https://policies.google.com/privacy?hl=en-IN&fg=1 - OK
15:07:53.617 [main] INFO  com.company.utilities.JSUtil - https://policies.google.com/terms?hl=en-IN&fg=1 - OK
15:07:54.390 [main] INFO  com.company.step_definitions.Hook - browser closed
15:08:42.940 [main] INFO  com.company.step_definitions.Hook - Launching browser chrome-headless
15:08:47.342 [main] INFO  com.company.utilities.JSUtil - https://www.facebook.com/# - OK
15:08:47.695 [main] INFO  com.company.utilities.JSUtil - https://www.facebook.com/# - OK
15:08:48.328 [main] INFO  com.company.utilities.JSUtil - https://www.facebook.com/recover/initiate/?ars=facebook_login - OK
15:08:48.681 [main] INFO  com.company.utilities.JSUtil - https://www.facebook.com/# - OK
15:08:49.082 [main] INFO  com.company.utilities.JSUtil - https://www.facebook.com/pages/create/?ref_type=registration_form - OK
15:08:49.529 [main] INFO  com.company.utilities.JSUtil - https://hi-in.facebook.com/ - OK
15:08:50.112 [main] INFO  com.company.utilities.JSUtil - https://pa-in.facebook.com/ - OK
15:08:50.520 [main] INFO  com.company.utilities.JSUtil - https://ur-pk.facebook.com/ - OK
15:08:50.914 [main] INFO  com.company.utilities.JSUtil - https://ml-in.facebook.com/ - OK
15:08:51.404 [main] INFO  com.company.utilities.JSUtil - https://kn-in.facebook.com/ - OK
15:08:51.809 [main] INFO  com.company.utilities.JSUtil - https://gu-in.facebook.com/ - OK
15:08:52.173 [main] INFO  com.company.utilities.JSUtil - https://te-in.facebook.com/ - OK
15:08:52.581 [main] INFO  com.company.utilities.JSUtil - https://mr-in.facebook.com/ - OK
15:08:52.972 [main] INFO  com.company.utilities.JSUtil - https://bn-in.facebook.com/ - OK
15:08:53.941 [main] INFO  com.company.utilities.JSUtil - https://ta-in.facebook.com/ - OK
15:08:54.302 [main] INFO  com.company.utilities.JSUtil - https://www.facebook.com/# - OK
15:08:54.773 [main] INFO  com.company.utilities.JSUtil - https://www.facebook.com/r.php - OK
15:08:55.125 [main] INFO  com.company.utilities.JSUtil - https://www.facebook.com/login/ - OK
15:09:17.453 [main] INFO  com.company.utilities.JSUtil - https://www.facebook.com/lite/ - OK
15:09:21.472 [main] INFO  com.company.utilities.JSUtil - https://www.facebook.com/directory/people/ - OK
15:09:21.860 [main] INFO  com.company.utilities.JSUtil - https://www.facebook.com/directory/pages/ - OK
15:09:22.187 [main] INFO  com.company.utilities.JSUtil - https://www.facebook.com/pages/category/ - OK
15:09:23.646 [main] INFO  com.company.utilities.JSUtil - https://www.facebook.com/places/ - OK
15:09:24.237 [main] INFO  com.company.utilities.JSUtil - https://www.facebook.com/games/ - OK
15:09:24.645 [main] INFO  com.company.utilities.JSUtil - https://www.facebook.com/directory/places/ - OK
15:09:25.055 [main] INFO  com.company.utilities.JSUtil - https://www.facebook.com/marketplace/ - OK
15:09:25.677 [main] INFO  com.company.utilities.JSUtil - https://pay.facebook.com/ - OK
15:09:26.079 [main] INFO  com.company.utilities.JSUtil - https://www.facebook.com/directory/groups/ - OK
15:09:29.471 [main] INFO  com.company.utilities.JSUtil - https://www.oculus.com/ - OK
15:09:30.454 [main] INFO  com.company.utilities.JSUtil - https://portal.facebook.com/ - OK
15:09:30.827 [main] INFO  com.company.utilities.JSUtil - https://l.facebook.com/l.php?u=https%3A%2F%2Fwww.instagram.com%2F&h=AT2CfmhN1zSe0gzbz9Lh5eshApLMLfhB-dlp0O4-dxXtLjIENSuKTmbo6OZWZWINnlVihlKKohtlq9siydC8_j3UvEPfmUbs5JN5cp-VHSrpNaNe3UIih3tmjOaBktRlTzaytrh9ZCdYpi0uOKfP2QUmjiPjw2neuOo - OK
15:09:31.545 [main] INFO  com.company.utilities.JSUtil - https://www.facebook.com/local/lists/245019872666104/ - OK
15:09:32.533 [main] INFO  com.company.utilities.JSUtil - https://www.facebook.com/fundraisers/ - OK
15:09:33.368 [main] INFO  com.company.utilities.JSUtil - https://www.facebook.com/biz/directory/ - OK
15:09:34.184 [main] INFO  com.company.utilities.JSUtil - https://www.facebook.com/facebook - OK
15:09:35.517 [main] INFO  com.company.utilities.JSUtil - https://www.facebook.com/ad_campaign/landing.php?placement=pflo&campaign_id=402047449186&extra_1=auto - OK
15:09:36.104 [main] INFO  com.company.utilities.JSUtil - https://www.facebook.com/pages/create/?ref_type=site_footer - OK
15:09:38.658 [main] INFO  com.company.utilities.JSUtil - https://developers.facebook.com/?ref=pf - OK
15:09:40.430 [main] INFO  com.company.utilities.JSUtil - https://www.facebook.com/careers/?ref=pf - OK
15:09:40.943 [main] INFO  com.company.utilities.JSUtil - https://www.facebook.com/privacy/explanation - OK
15:09:41.448 [main] INFO  com.company.utilities.JSUtil - https://www.facebook.com/policies/cookies/ - OK
15:09:42.415 [main] INFO  com.company.utilities.JSUtil - https://www.facebook.com/help/568137493302217 - OK
15:09:42.890 [main] INFO  com.company.utilities.JSUtil - https://www.facebook.com/policies?ref=pf - OK
15:09:43.437 [main] INFO  com.company.utilities.JSUtil - https://www.facebook.com/help/?ref=pf - OK
15:09:43.822 [main] INFO  com.company.utilities.JSUtil - https://www.facebook.com/settings - OK
15:09:44.171 [main] ERROR com.company.utilities.JSUtil - https://www.facebook.com/allactivity?privacy_source=activity_log_top_menu - Not Found - 404
15:09:44.997 [main] INFO  com.company.step_definitions.Hook - browser closed
