17:02:14.904 [main] INFO  FirstPro.HomeSignUp - Driver Intialized
17:02:14.983 [main] INFO  FirstPro.HomeSignUp - Cookies Deleted
17:02:20.289 [main] DEBUG FirstPro.HomeSignUp - Successfully Sign up
17:02:22.928 [main] DEBUG FirstPro.HomeSignUp - Successfully Sign up
17:06:00.801 [main] INFO  FirstPro.HomeSignUp - Driver Intialized
17:06:00.911 [main] INFO  FirstPro.HomeSignUp - Cookies Deleted
17:06:06.372 [main] DEBUG FirstPro.HomeSignUp - Sucessfully Sign up
17:06:09.245 [main] DEBUG FirstPro.HomeSignUp - Sucessfully Sign up
17:07:11.104 [main] INFO  FirstPro.HomeSignUp - Driver Intialized
17:07:11.148 [main] INFO  FirstPro.HomeSignUp - Cookies Deleted
17:07:19.354 [main] DEBUG FirstPro.HomeSignUp - Sucessfully Sign up
17:07:26.223 [main] DEBUG FirstPro.HomeSignUp - Sucessfully Sign up
17:13:07.125 [main] INFO  FirstPro.HomeSignUp - Driver Intialized
17:13:07.222 [main] INFO  FirstPro.HomeSignUp - Cookies Deleted
17:13:16.140 [main] DEBUG FirstPro.HomeSignUp - Sucessfully Sign up
17:13:19.967 [main] DEBUG FirstPro.HomeSignUp - Sucessfully Sign up
17:13:32.631 [main] INFO  FirstPro.HomeSignUp - Driver Intialized
17:13:32.684 [main] INFO  FirstPro.HomeSignUp - Cookies Deleted
17:13:38.655 [main] DEBUG FirstPro.HomeSignUp - Sucessfully Sign up
17:13:41.992 [main] DEBUG FirstPro.HomeSignUp - Sucessfully Sign up
17:15:13.281 [main] INFO  FirstPro.HomeSignUp - Driver Intialized
17:15:13.322 [main] INFO  FirstPro.HomeSignUp - Cookies Deleted
17:15:17.890 [main] DEBUG FirstPro.HomeSignUp - Sucessfully Sign up
17:15:20.341 [main] DEBUG FirstPro.HomeSignUp - Sucessfully Sign up
17:44:08.911 [TestNG-tests-1] INFO  FirstPro.HomeSignUp - Driver Intialized
17:44:08.944 [TestNG-tests-1] INFO  FirstPro.HomeSignUp - Cookies Deleted
17:44:14.684 [TestNG-tests-1] DEBUG FirstPro.HomeSignUp - Sucessfully Sign up
17:44:17.002 [TestNG-tests-1] DEBUG FirstPro.HomeSignUp - Sucessfully Sign up
17:49:46.459 [TestNG-tests-1] INFO  FirstPro.HomeSignUp - Driver Intialized
17:49:46.521 [TestNG-tests-1] INFO  FirstPro.HomeSignUp - Cookies Deleted
17:49:51.392 [TestNG-tests-1] DEBUG FirstPro.HomeSignUp - Sucessfully Sign up
17:49:54.734 [TestNG-tests-1] DEBUG FirstPro.HomeSignUp - Sucessfully Sign up
17:51:14.948 [TestNG-tests-1] INFO  FirstPro.HomeSignUp - Driver Intialized
17:51:15.010 [TestNG-tests-1] INFO  FirstPro.HomeSignUp - Cookies Deleted
17:51:20.196 [TestNG-tests-1] DEBUG FirstPro.HomeSignUp - Sucessfully Sign up
17:51:23.102 [TestNG-tests-1] DEBUG FirstPro.HomeSignUp - Sucessfully Sign up
17:55:29.586 [TestNG-tests-2] INFO  FirstPro.HomeSignUp - Driver Intialized
17:55:29.620 [TestNG-tests-2] INFO  FirstPro.HomeSignUp - Cookies Deleted
17:55:35.656 [TestNG-tests-1] INFO  FirstPro.HomeSignUp - Driver Intialized
17:55:35.681 [TestNG-tests-1] INFO  FirstPro.HomeSignUp - Cookies Deleted
17:55:40.087 [TestNG-tests-1] DEBUG FirstPro.HomeSignUp - Sucessfully Sign up
17:55:43.297 [TestNG-tests-1] DEBUG FirstPro.HomeSignUp - Sucessfully Sign up
17:56:44.232 [main] INFO  FirstPro.HomeSignUp - Driver Intialized
17:56:44.301 [main] INFO  FirstPro.HomeSignUp - Cookies Deleted
17:57:25.206 [main] INFO  FirstPro.HomeSignUp - Driver Intialized
17:57:25.241 [main] INFO  FirstPro.HomeSignUp - Cookies Deleted
17:57:29.948 [main] DEBUG FirstPro.HomeSignUp - Sucessfully Sign up
17:57:32.173 [main] DEBUG FirstPro.HomeSignUp - Sucessfully Sign up
18:03:11.248 [TestNG-tests-2] INFO  FirstPro.HomeSignUp - Driver Intialized
18:03:11.443 [TestNG-tests-2] INFO  FirstPro.HomeSignUp - Cookies Deleted
18:03:17.490 [TestNG-tests-1] INFO  FirstPro.HomeSignUp - Driver Intialized
18:03:17.564 [TestNG-tests-1] INFO  FirstPro.HomeSignUp - Cookies Deleted
18:03:22.075 [TestNG-tests-1] DEBUG FirstPro.HomeSignUp - Sucessfully Sign up
18:03:24.327 [TestNG-tests-1] DEBUG FirstPro.HomeSignUp - Sucessfully Sign up
19:00:30.073 [TestNG-tests-1] INFO  FirstPro.HomeSignUp - Driver Intialized
19:00:30.288 [TestNG-tests-1] INFO  FirstPro.HomeSignUp - Cookies Deleted
19:00:36.436 [TestNG-tests-1] DEBUG FirstPro.HomeSignUp - Sucessfully Sign up
19:00:39.477 [TestNG-tests-1] DEBUG FirstPro.HomeSignUp - Sucessfully Sign up
19:00:56.661 [TestNG-tests-2] INFO  FirstPro.HomeSignUp - Driver Intialized
19:00:56.677 [TestNG-tests-2] INFO  FirstPro.HomeSignUp - Cookies Deleted
19:03:51.155 [TestNG-tests-1] INFO  FirstPro.HomeSignUp - Driver Intialized
19:03:51.198 [TestNG-tests-1] INFO  FirstPro.HomeSignUp - Cookies Deleted
19:04:06.562 [TestNG-tests-2] INFO  FirstPro.HomeSignUp - Driver Intialized
19:04:06.598 [TestNG-tests-2] INFO  FirstPro.HomeSignUp - Cookies Deleted
19:04:15.675 [TestNG-tests-1] DEBUG FirstPro.HomeSignUp - Sucessfully Sign up
19:04:31.977 [TestNG-tests-1] DEBUG FirstPro.HomeSignUp - Sucessfully Sign up
12:36:49.492 [main] INFO  FirstPro.HomeSignUp - Driver Intialized
12:36:49.550 [main] INFO  FirstPro.HomeSignUp - Cookies Deleted
12:36:56.400 [main] DEBUG FirstPro.HomeSignUp - Sucessfully Sign up
12:36:58.832 [main] DEBUG FirstPro.HomeSignUp - Sucessfully Sign up
12:37:05.151 [main] INFO  FirstPro.HomeSignUp - Driver Intialized
12:37:05.226 [main] INFO  FirstPro.HomeSignUp - Cookies Deleted
12:45:40.817 [main] INFO  FirstPro.HomeSignUp - Driver Intialized
12:45:40.895 [main] INFO  FirstPro.HomeSignUp - Cookies Deleted
12:45:49.280 [main] DEBUG FirstPro.HomeSignUp - Sucessfully Sign up
12:45:51.863 [main] DEBUG FirstPro.HomeSignUp - Sucessfully Sign up
12:46:01.767 [main] INFO  FirstPro.HomeSignUp - Driver Intialized
12:46:01.797 [main] INFO  FirstPro.HomeSignUp - Cookies Deleted
12:48:56.315 [main] INFO  FirstPro.HomeSignUp - Driver Intialized
12:48:56.423 [main] INFO  FirstPro.HomeSignUp - Cookies Deleted
12:49:00.826 [main] DEBUG FirstPro.HomeSignUp - Sucessfully Sign up
12:49:04.508 [main] DEBUG FirstPro.HomeSignUp - Sucessfully Sign up
12:49:10.882 [main] INFO  FirstPro.HomeSignUp - Driver Intialized
12:49:10.927 [main] INFO  FirstPro.HomeSignUp - Cookies Deleted
12:50:46.186 [main] INFO  FirstPro.HomeSignUp - Driver Intialized
12:50:46.255 [main] INFO  FirstPro.HomeSignUp - Cookies Deleted
12:50:52.653 [main] DEBUG FirstPro.HomeSignUp - Sucessfully Sign up
12:50:55.133 [main] DEBUG FirstPro.HomeSignUp - Sucessfully Sign up
12:51:02.053 [main] INFO  FirstPro.HomeSignUp - Driver Intialized
12:51:02.072 [main] INFO  FirstPro.HomeSignUp - Cookies Deleted
13:01:21.360 [main] INFO  FirstPro.HomeSignUp - Driver Intialized
13:01:21.514 [main] INFO  FirstPro.HomeSignUp - Cookies Deleted
13:01:52.937 [main] DEBUG FirstPro.HomeSignUp - Sucessfully Sign up
13:01:56.025 [main] DEBUG FirstPro.HomeSignUp - Sucessfully Sign up
13:02:02.270 [main] INFO  FirstPro.HomeSignUp - Driver Intialized
13:02:02.347 [main] INFO  FirstPro.HomeSignUp - Cookies Deleted
13:09:24.448 [main] INFO  FirstPro.HomeSignUp - Driver Intialized
13:09:24.533 [main] INFO  FirstPro.HomeSignUp - Cookies Deleted
13:09:32.605 [main] DEBUG FirstPro.HomeSignUp - Sucessfully Sign up
13:09:35.172 [main] DEBUG FirstPro.HomeSignUp - Sucessfully Sign up
13:09:46.307 [main] INFO  FirstPro.HomeSignUp - Driver Intialized
13:09:46.323 [main] INFO  FirstPro.HomeSignUp - Cookies Deleted
14:14:58.554 [TestNG-tests-1] INFO  FirstPro.HomeSignUp - Driver Intialized
14:14:58.595 [TestNG-tests-1] INFO  FirstPro.HomeSignUp - Cookies Deleted
14:15:04.034 [TestNG-tests-2] INFO  FirstPro.HomeSignUp - Driver Intialized
14:15:04.095 [TestNG-tests-2] INFO  FirstPro.HomeSignUp - Cookies Deleted
14:15:28.030 [TestNG-tests-1] DEBUG FirstPro.HomeSignUp - Sucessfully Sign up
14:15:31.741 [TestNG-tests-1] DEBUG FirstPro.HomeSignUp - Sucessfully Sign up
14:49:20.579 [main] INFO  FirstPro.HomeSignUp - Driver Intialized
14:49:20.664 [main] INFO  FirstPro.HomeSignUp - Cookies Deleted
14:49:26.781 [main] DEBUG FirstPro.HomeSignUp - Sucessfully Sign up
14:49:31.808 [main] DEBUG FirstPro.HomeSignUp - Sucessfully Sign up
14:50:41.057 [main] INFO  FirstPro.HomeSignUp - Driver Intialized
14:50:41.129 [main] INFO  FirstPro.HomeSignUp - Cookies Deleted
14:50:45.446 [main] DEBUG FirstPro.HomeSignUp - Sucessfully Sign up
14:50:50.243 [main] DEBUG FirstPro.HomeSignUp - Sucessfully Sign up
